0 info it worked if it ends with ok
1 verbose cli [ '/usr/local/bin/node',
1 verbose cli   '/usr/local/bin/npm',
1 verbose cli   'i',
1 verbose cli   '-g',
1 verbose cli   'http-server' ]
2 info using npm@3.9.5
3 info using node@v6.2.1
4 silly loadCurrentTree Starting
5 silly install loadCurrentTree
6 silly install readGlobalPackageData
7 silly fetchPackageMetaData http-server
8 silly fetchNamedPackageData http-server
9 silly mapToRegistry name http-server
10 silly mapToRegistry using default registry
11 silly mapToRegistry registry https://registry.npmjs.org/
12 silly mapToRegistry data Result {
12 silly mapToRegistry   raw: 'http-server',
12 silly mapToRegistry   scope: null,
12 silly mapToRegistry   name: 'http-server',
12 silly mapToRegistry   rawSpec: '',
12 silly mapToRegistry   spec: 'latest',
12 silly mapToRegistry   type: 'tag' }
13 silly mapToRegistry uri https://registry.npmjs.org/http-server
14 verbose request uri https://registry.npmjs.org/http-server
15 verbose request no auth needed
16 info attempt registry request try #1 at 11:57:34 AM
17 verbose request id 220f7eeb2d9ce695
18 verbose etag "2VHMY7D4UY6RH840AG8K1YEEU"
19 http request GET https://registry.npmjs.org/http-server
20 http 304 https://registry.npmjs.org/http-server
21 verbose headers { date: 'Fri, 10 Jun 2016 21:57:35 GMT',
21 verbose headers   via: '1.1 varnish',
21 verbose headers   'cache-control': 'max-age=300',
21 verbose headers   etag: '"2VHMY7D4UY6RH840AG8K1YEEU"',
21 verbose headers   age: '0',
21 verbose headers   connection: 'keep-alive',
21 verbose headers   'x-served-by': 'cache-jfk1032-JFK',
21 verbose headers   'x-cache': 'HIT',
21 verbose headers   'x-cache-hits': '1',
21 verbose headers   'x-timer': 'S1465595855.144594,VS0,VE103',
21 verbose headers   vary: 'Accept-Encoding' }
22 silly get cb [ 304,
22 silly get   { date: 'Fri, 10 Jun 2016 21:57:35 GMT',
22 silly get     via: '1.1 varnish',
22 silly get     'cache-control': 'max-age=300',
22 silly get     etag: '"2VHMY7D4UY6RH840AG8K1YEEU"',
22 silly get     age: '0',
22 silly get     connection: 'keep-alive',
22 silly get     'x-served-by': 'cache-jfk1032-JFK',
22 silly get     'x-cache': 'HIT',
22 silly get     'x-cache-hits': '1',
22 silly get     'x-timer': 'S1465595855.144594,VS0,VE103',
22 silly get     vary: 'Accept-Encoding' } ]
23 verbose etag https://registry.npmjs.org/http-server from cache
24 verbose get saving http-server to /home/andy/.npm/registry.npmjs.org/http-server/.cache.json
25 verbose correctMkdir /home/andy/.npm correctMkdir not in flight; initializing
26 silly install normalizeTree
27 silly loadCurrentTree Finishing
28 silly loadIdealTree Starting
29 silly install loadIdealTree
30 silly cloneCurrentTree Starting
31 silly install cloneCurrentTreeToIdealTree
32 silly cloneCurrentTree Finishing
33 silly loadShrinkwrap Starting
34 silly install loadShrinkwrap
35 silly loadShrinkwrap Finishing
36 silly loadAllDepsIntoIdealTree Starting
37 silly install loadAllDepsIntoIdealTree
38 silly resolveWithNewModule http-server@0.9.0 checking installable status
39 silly cache add args [ 'http-server', null ]
40 verbose cache add spec http-server
41 silly cache add parsed spec Result {
41 silly cache add   raw: 'http-server',
41 silly cache add   scope: null,
41 silly cache add   name: 'http-server',
41 silly cache add   rawSpec: '',
41 silly cache add   spec: 'latest',
41 silly cache add   type: 'tag' }
42 silly addNamed http-server@latest
43 verbose addNamed "latest" is being treated as a dist-tag for http-server
44 info addNameTag [ 'http-server', 'latest' ]
45 silly mapToRegistry name http-server
46 silly mapToRegistry using default registry
47 silly mapToRegistry registry https://registry.npmjs.org/
48 silly mapToRegistry data Result {
48 silly mapToRegistry   raw: 'http-server',
48 silly mapToRegistry   scope: null,
48 silly mapToRegistry   name: 'http-server',
48 silly mapToRegistry   rawSpec: '',
48 silly mapToRegistry   spec: 'latest',
48 silly mapToRegistry   type: 'tag' }
49 silly mapToRegistry uri https://registry.npmjs.org/http-server
50 verbose addNameTag registry:https://registry.npmjs.org/http-server not in flight; fetching
51 verbose get https://registry.npmjs.org/http-server not expired, no request
52 silly addNameTag next cb for http-server with tag latest
53 silly addNamed http-server@0.9.0
54 verbose addNamed "0.9.0" is a plain semver version for http-server
55 silly cache afterAdd http-server@0.9.0
56 verbose afterAdd /home/andy/.npm/http-server/0.9.0/package/package.json not in flight; writing
57 verbose correctMkdir /home/andy/.npm correctMkdir not in flight; initializing
58 verbose afterAdd /home/andy/.npm/http-server/0.9.0/package/package.json written
59 silly fetchNamedPackageData colors
60 silly mapToRegistry name colors
61 silly mapToRegistry using default registry
62 silly mapToRegistry registry https://registry.npmjs.org/
63 silly mapToRegistry data Result {
63 silly mapToRegistry   raw: 'colors',
63 silly mapToRegistry   scope: null,
63 silly mapToRegistry   name: 'colors',
63 silly mapToRegistry   rawSpec: '',
63 silly mapToRegistry   spec: 'latest',
63 silly mapToRegistry   type: 'tag' }
64 silly mapToRegistry uri https://registry.npmjs.org/colors
65 silly fetchNamedPackageData corser
66 silly mapToRegistry name corser
67 silly mapToRegistry using default registry
68 silly mapToRegistry registry https://registry.npmjs.org/
69 silly mapToRegistry data Result {
69 silly mapToRegistry   raw: 'corser',
69 silly mapToRegistry   scope: null,
69 silly mapToRegistry   name: 'corser',
69 silly mapToRegistry   rawSpec: '',
69 silly mapToRegistry   spec: 'latest',
69 silly mapToRegistry   type: 'tag' }
70 silly mapToRegistry uri https://registry.npmjs.org/corser
71 silly fetchNamedPackageData ecstatic
72 silly mapToRegistry name ecstatic
73 silly mapToRegistry using default registry
74 silly mapToRegistry registry https://registry.npmjs.org/
75 silly mapToRegistry data Result {
75 silly mapToRegistry   raw: 'ecstatic',
75 silly mapToRegistry   scope: null,
75 silly mapToRegistry   name: 'ecstatic',
75 silly mapToRegistry   rawSpec: '',
75 silly mapToRegistry   spec: 'latest',
75 silly mapToRegistry   type: 'tag' }
76 silly mapToRegistry uri https://registry.npmjs.org/ecstatic
77 silly fetchNamedPackageData http-proxy
78 silly mapToRegistry name http-proxy
79 silly mapToRegistry using default registry
80 silly mapToRegistry registry https://registry.npmjs.org/
81 silly mapToRegistry data Result {
81 silly mapToRegistry   raw: 'http-proxy',
81 silly mapToRegistry   scope: null,
81 silly mapToRegistry   name: 'http-proxy',
81 silly mapToRegistry   rawSpec: '',
81 silly mapToRegistry   spec: 'latest',
81 silly mapToRegistry   type: 'tag' }
82 silly mapToRegistry uri https://registry.npmjs.org/http-proxy
83 silly fetchNamedPackageData opener
84 silly mapToRegistry name opener
85 silly mapToRegistry using default registry
86 silly mapToRegistry registry https://registry.npmjs.org/
87 silly mapToRegistry data Result {
87 silly mapToRegistry   raw: 'opener',
87 silly mapToRegistry   scope: null,
87 silly mapToRegistry   name: 'opener',
87 silly mapToRegistry   rawSpec: '',
87 silly mapToRegistry   spec: 'latest',
87 silly mapToRegistry   type: 'tag' }
88 silly mapToRegistry uri https://registry.npmjs.org/opener
89 silly fetchNamedPackageData optimist
90 silly mapToRegistry name optimist
91 silly mapToRegistry using default registry
92 silly mapToRegistry registry https://registry.npmjs.org/
93 silly mapToRegistry data Result {
93 silly mapToRegistry   raw: 'optimist',
93 silly mapToRegistry   scope: null,
93 silly mapToRegistry   name: 'optimist',
93 silly mapToRegistry   rawSpec: '',
93 silly mapToRegistry   spec: 'latest',
93 silly mapToRegistry   type: 'tag' }
94 silly mapToRegistry uri https://registry.npmjs.org/optimist
95 silly fetchNamedPackageData portfinder
96 silly mapToRegistry name portfinder
97 silly mapToRegistry using default registry
98 silly mapToRegistry registry https://registry.npmjs.org/
99 silly mapToRegistry data Result {
99 silly mapToRegistry   raw: 'portfinder',
99 silly mapToRegistry   scope: null,
99 silly mapToRegistry   name: 'portfinder',
99 silly mapToRegistry   rawSpec: '',
99 silly mapToRegistry   spec: 'latest',
99 silly mapToRegistry   type: 'tag' }
100 silly mapToRegistry uri https://registry.npmjs.org/portfinder
101 silly fetchNamedPackageData union
102 silly mapToRegistry name union
103 silly mapToRegistry using default registry
104 silly mapToRegistry registry https://registry.npmjs.org/
105 silly mapToRegistry data Result {
105 silly mapToRegistry   raw: 'union',
105 silly mapToRegistry   scope: null,
105 silly mapToRegistry   name: 'union',
105 silly mapToRegistry   rawSpec: '',
105 silly mapToRegistry   spec: 'latest',
105 silly mapToRegistry   type: 'tag' }
106 silly mapToRegistry uri https://registry.npmjs.org/union
107 verbose request uri https://registry.npmjs.org/corser
108 verbose request no auth needed
109 info attempt registry request try #1 at 11:57:35 AM
110 verbose etag "2RH28UBMJ5ERZ21YHHJR99K08"
111 http request GET https://registry.npmjs.org/corser
112 verbose request uri https://registry.npmjs.org/colors
113 verbose request no auth needed
114 info attempt registry request try #1 at 11:57:35 AM
115 verbose etag "4NJZRJQD07CAE4HNMW384EFHO"
116 http request GET https://registry.npmjs.org/colors
117 verbose request uri https://registry.npmjs.org/http-proxy
118 verbose request no auth needed
119 info attempt registry request try #1 at 11:57:35 AM
120 verbose etag "8M97ZTHN1OQYCYNYP5EZEFQ8B"
121 http request GET https://registry.npmjs.org/http-proxy
122 verbose request uri https://registry.npmjs.org/ecstatic
123 verbose request no auth needed
124 info attempt registry request try #1 at 11:57:35 AM
125 verbose etag "49IDKRX8CA5LDU7XEH3MN4BAI"
126 http request GET https://registry.npmjs.org/ecstatic
127 verbose request uri https://registry.npmjs.org/opener
128 verbose request no auth needed
129 info attempt registry request try #1 at 11:57:35 AM
130 verbose etag "5ENPO2E9J9M1QEYBHL4PYSAXA"
131 http request GET https://registry.npmjs.org/opener
132 verbose request uri https://registry.npmjs.org/portfinder
133 verbose request no auth needed
134 info attempt registry request try #1 at 11:57:35 AM
135 verbose etag "EBKMGVTGCF8O1KY8KU2WZDCOW"
136 http request GET https://registry.npmjs.org/portfinder
137 verbose request uri https://registry.npmjs.org/union
138 verbose request no auth needed
139 info attempt registry request try #1 at 11:57:35 AM
140 verbose etag "CVJ4YJREGBVZEPY9WXDMRP5PL"
141 http request GET https://registry.npmjs.org/union
142 verbose request uri https://registry.npmjs.org/optimist
143 verbose request no auth needed
144 info attempt registry request try #1 at 11:57:35 AM
145 verbose etag "261X8T92YVCFQ7U0N4550CACB"
146 http request GET https://registry.npmjs.org/optimist
147 http 304 https://registry.npmjs.org/corser
148 verbose headers { date: 'Fri, 10 Jun 2016 21:57:35 GMT',
148 verbose headers   via: '1.1 varnish',
148 verbose headers   'cache-control': 'max-age=300',
148 verbose headers   etag: '"2RH28UBMJ5ERZ21YHHJR99K08"',
148 verbose headers   age: '0',
148 verbose headers   connection: 'keep-alive',
148 verbose headers   'x-served-by': 'cache-jfk1032-JFK',
148 verbose headers   'x-cache': 'HIT',
148 verbose headers   'x-cache-hits': '1',
148 verbose headers   'x-timer': 'S1465595855.606459,VS0,VE98',
148 verbose headers   vary: 'Accept-Encoding' }
149 silly get cb [ 304,
149 silly get   { date: 'Fri, 10 Jun 2016 21:57:35 GMT',
149 silly get     via: '1.1 varnish',
149 silly get     'cache-control': 'max-age=300',
149 silly get     etag: '"2RH28UBMJ5ERZ21YHHJR99K08"',
149 silly get     age: '0',
149 silly get     connection: 'keep-alive',
149 silly get     'x-served-by': 'cache-jfk1032-JFK',
149 silly get     'x-cache': 'HIT',
149 silly get     'x-cache-hits': '1',
149 silly get     'x-timer': 'S1465595855.606459,VS0,VE98',
149 silly get     vary: 'Accept-Encoding' } ]
150 verbose etag https://registry.npmjs.org/corser from cache
151 verbose get saving corser to /home/andy/.npm/registry.npmjs.org/corser/.cache.json
152 verbose correctMkdir /home/andy/.npm correctMkdir not in flight; initializing
153 silly resolveWithNewModule corser@2.0.0 checking installable status
154 silly cache add args [ 'corser@~2.0.0', null ]
155 verbose cache add spec corser@~2.0.0
156 silly cache add parsed spec Result {
156 silly cache add   raw: 'corser@~2.0.0',
156 silly cache add   scope: null,
156 silly cache add   name: 'corser',
156 silly cache add   rawSpec: '~2.0.0',
156 silly cache add   spec: '>=2.0.0 <2.1.0',
156 silly cache add   type: 'range' }
157 silly addNamed corser@>=2.0.0 <2.1.0
158 verbose addNamed ">=2.0.0 <2.1.0" is a valid semver range for corser
159 silly addNameRange { name: 'corser', range: '>=2.0.0 <2.1.0', hasData: false }
160 silly mapToRegistry name corser
161 silly mapToRegistry using default registry
162 silly mapToRegistry registry https://registry.npmjs.org/
163 silly mapToRegistry data Result {
163 silly mapToRegistry   raw: 'corser',
163 silly mapToRegistry   scope: null,
163 silly mapToRegistry   name: 'corser',
163 silly mapToRegistry   rawSpec: '',
163 silly mapToRegistry   spec: 'latest',
163 silly mapToRegistry   type: 'tag' }
164 silly mapToRegistry uri https://registry.npmjs.org/corser
165 verbose addNameRange registry:https://registry.npmjs.org/corser not in flight; fetching
166 verbose get https://registry.npmjs.org/corser not expired, no request
167 silly addNameRange number 2 { name: 'corser', range: '>=2.0.0 <2.1.0', hasData: true }
168 silly addNameRange versions [ 'corser',
168 silly addNameRange   [ '0.1.0',
168 silly addNameRange     '0.2.0',
168 silly addNameRange     '1.0.0',
168 silly addNameRange     '1.0.1',
168 silly addNameRange     '1.0.2',
168 silly addNameRange     '1.1.0',
168 silly addNameRange     '1.1.1',
168 silly addNameRange     '1.1.2',
168 silly addNameRange     '1.2.0',
168 silly addNameRange     '2.0.0' ] ]
169 silly addNamed corser@2.0.0
170 verbose addNamed "2.0.0" is a plain semver version for corser
171 silly cache afterAdd corser@2.0.0
172 verbose afterAdd /home/andy/.npm/corser/2.0.0/package/package.json not in flight; writing
173 verbose correctMkdir /home/andy/.npm correctMkdir not in flight; initializing
174 verbose afterAdd /home/andy/.npm/corser/2.0.0/package/package.json written
175 http 304 https://registry.npmjs.org/opener
176 verbose headers { date: 'Fri, 10 Jun 2016 21:57:35 GMT',
176 verbose headers   via: '1.1 varnish',
176 verbose headers   'cache-control': 'max-age=300',
176 verbose headers   etag: '"5ENPO2E9J9M1QEYBHL4PYSAXA"',
176 verbose headers   age: '275',
176 verbose headers   connection: 'keep-alive',
176 verbose headers   'x-served-by': 'cache-jfk1030-JFK',
176 verbose headers   'x-cache': 'HIT',
176 verbose headers   'x-cache-hits': '1',
176 verbose headers   'x-timer': 'S1465595855.865016,VS0,VE0',
176 verbose headers   vary: 'Accept-Encoding' }
177 silly get cb [ 304,
177 silly get   { date: 'Fri, 10 Jun 2016 21:57:35 GMT',
177 silly get     via: '1.1 varnish',
177 silly get     'cache-control': 'max-age=300',
177 silly get     etag: '"5ENPO2E9J9M1QEYBHL4PYSAXA"',
177 silly get     age: '275',
177 silly get     connection: 'keep-alive',
177 silly get     'x-served-by': 'cache-jfk1030-JFK',
177 silly get     'x-cache': 'HIT',
177 silly get     'x-cache-hits': '1',
177 silly get     'x-timer': 'S1465595855.865016,VS0,VE0',
177 silly get     vary: 'Accept-Encoding' } ]
178 verbose etag https://registry.npmjs.org/opener from cache
179 verbose get saving opener to /home/andy/.npm/registry.npmjs.org/opener/.cache.json
180 verbose correctMkdir /home/andy/.npm correctMkdir not in flight; initializing
181 silly resolveWithNewModule opener@1.4.1 checking installable status
182 silly cache add args [ 'opener@~1.4.0', null ]
183 verbose cache add spec opener@~1.4.0
184 silly cache add parsed spec Result {
184 silly cache add   raw: 'opener@~1.4.0',
184 silly cache add   scope: null,
184 silly cache add   name: 'opener',
184 silly cache add   rawSpec: '~1.4.0',
184 silly cache add   spec: '>=1.4.0 <1.5.0',
184 silly cache add   type: 'range' }
185 silly addNamed opener@>=1.4.0 <1.5.0
186 verbose addNamed ">=1.4.0 <1.5.0" is a valid semver range for opener
187 silly addNameRange { name: 'opener', range: '>=1.4.0 <1.5.0', hasData: false }
188 silly mapToRegistry name opener
189 silly mapToRegistry using default registry
190 silly mapToRegistry registry https://registry.npmjs.org/
191 silly mapToRegistry data Result {
191 silly mapToRegistry   raw: 'opener',
191 silly mapToRegistry   scope: null,
191 silly mapToRegistry   name: 'opener',
191 silly mapToRegistry   rawSpec: '',
191 silly mapToRegistry   spec: 'latest',
191 silly mapToRegistry   type: 'tag' }
192 silly mapToRegistry uri https://registry.npmjs.org/opener
193 verbose addNameRange registry:https://registry.npmjs.org/opener not in flight; fetching
194 http 304 https://registry.npmjs.org/http-proxy
195 verbose headers { date: 'Fri, 10 Jun 2016 21:57:35 GMT',
195 verbose headers   via: '1.1 varnish',
195 verbose headers   'cache-control': 'max-age=300',
195 verbose headers   etag: '"8M97ZTHN1OQYCYNYP5EZEFQ8B"',
195 verbose headers   age: '76',
195 verbose headers   connection: 'keep-alive',
195 verbose headers   'x-served-by': 'cache-jfk1034-JFK',
195 verbose headers   'x-cache': 'HIT',
195 verbose headers   'x-cache-hits': '3',
195 verbose headers   'x-timer': 'S1465595855.870695,VS0,VE0',
195 verbose headers   vary: 'Accept-Encoding' }
196 silly get cb [ 304,
196 silly get   { date: 'Fri, 10 Jun 2016 21:57:35 GMT',
196 silly get     via: '1.1 varnish',
196 silly get     'cache-control': 'max-age=300',
196 silly get     etag: '"8M97ZTHN1OQYCYNYP5EZEFQ8B"',
196 silly get     age: '76',
196 silly get     connection: 'keep-alive',
196 silly get     'x-served-by': 'cache-jfk1034-JFK',
196 silly get     'x-cache': 'HIT',
196 silly get     'x-cache-hits': '3',
196 silly get     'x-timer': 'S1465595855.870695,VS0,VE0',
196 silly get     vary: 'Accept-Encoding' } ]
197 verbose etag https://registry.npmjs.org/http-proxy from cache
198 verbose get saving http-proxy to /home/andy/.npm/registry.npmjs.org/http-proxy/.cache.json
199 verbose correctMkdir /home/andy/.npm correctMkdir not in flight; initializing
200 verbose get https://registry.npmjs.org/opener not expired, no request
201 silly addNameRange number 2 { name: 'opener', range: '>=1.4.0 <1.5.0', hasData: true }
202 silly addNameRange versions [ 'opener',
202 silly addNameRange   [ '1.0.0', '1.0.1', '1.1.0', '1.2.0', '1.3.0', '1.4.0', '1.4.1' ] ]
203 silly addNamed opener@1.4.1
204 verbose addNamed "1.4.1" is a plain semver version for opener
205 silly cache afterAdd opener@1.4.1
206 verbose afterAdd /home/andy/.npm/opener/1.4.1/package/package.json not in flight; writing
207 verbose correctMkdir /home/andy/.npm correctMkdir not in flight; initializing
208 silly resolveWithNewModule http-proxy@1.13.3 checking installable status
209 silly cache add args [ 'http-proxy@^1.8.1', null ]
210 verbose cache add spec http-proxy@^1.8.1
211 silly cache add parsed spec Result {
211 silly cache add   raw: 'http-proxy@^1.8.1',
211 silly cache add   scope: null,
211 silly cache add   name: 'http-proxy',
211 silly cache add   rawSpec: '^1.8.1',
211 silly cache add   spec: '>=1.8.1 <2.0.0',
211 silly cache add   type: 'range' }
212 silly addNamed http-proxy@>=1.8.1 <2.0.0
213 verbose addNamed ">=1.8.1 <2.0.0" is a valid semver range for http-proxy
214 silly addNameRange { name: 'http-proxy', range: '>=1.8.1 <2.0.0', hasData: false }
215 silly mapToRegistry name http-proxy
216 silly mapToRegistry using default registry
217 silly mapToRegistry registry https://registry.npmjs.org/
218 silly mapToRegistry data Result {
218 silly mapToRegistry   raw: 'http-proxy',
218 silly mapToRegistry   scope: null,
218 silly mapToRegistry   name: 'http-proxy',
218 silly mapToRegistry   rawSpec: '',
218 silly mapToRegistry   spec: 'latest',
218 silly mapToRegistry   type: 'tag' }
219 silly mapToRegistry uri https://registry.npmjs.org/http-proxy
220 verbose addNameRange registry:https://registry.npmjs.org/http-proxy not in flight; fetching
221 verbose get https://registry.npmjs.org/http-proxy not expired, no request
222 silly addNameRange number 2 { name: 'http-proxy', range: '>=1.8.1 <2.0.0', hasData: true }
223 silly addNameRange versions [ 'http-proxy',
223 silly addNameRange   [ '0.5.9',
223 silly addNameRange     '0.5.10',
223 silly addNameRange     '0.5.11',
223 silly addNameRange     '0.6.0',
223 silly addNameRange     '0.6.1',
223 silly addNameRange     '0.6.2',
223 silly addNameRange     '0.6.4',
223 silly addNameRange     '0.6.5',
223 silly addNameRange     '0.6.6',
223 silly addNameRange     '0.7.0',
223 silly addNameRange     '0.7.2',
223 silly addNameRange     '0.7.3',
223 silly addNameRange     '0.7.4',
223 silly addNameRange     '0.7.5',
223 silly addNameRange     '0.7.6',
223 silly addNameRange     '0.8.0',
223 silly addNameRange     '0.8.1',
223 silly addNameRange     '0.8.2',
223 silly addNameRange     '0.8.3',
223 silly addNameRange     '0.8.4',
223 silly addNameRange     '0.8.5',
223 silly addNameRange     '0.8.6',
223 silly addNameRange     '0.8.7',
223 silly addNameRange     '0.9.0',
223 silly addNameRange     '0.9.1',
223 silly addNameRange     '0.10.0',
223 silly addNameRange     '0.10.1',
223 silly addNameRange     '0.10.2',
223 silly addNameRange     '0.10.3',
223 silly addNameRange     '0.10.4',
223 silly addNameRange     '1.0.0',
223 silly addNameRange     '1.0.1',
223 silly addNameRange     '1.0.2',
223 silly addNameRange     '1.0.3',
223 silly addNameRange     '1.1.0',
223 silly addNameRange     '1.1.1',
223 silly addNameRange     '1.1.2',
223 silly addNameRange     '1.1.3',
223 silly addNameRange     '1.1.4',
223 silly addNameRange     '1.1.5',
223 silly addNameRange     '1.1.6',
223 silly addNameRange     '1.2.0',
223 silly addNameRange     '1.2.1',
223 silly addNameRange     '1.3.0',
223 silly addNameRange     '1.4.0',
223 silly addNameRange     '1.4.1',
223 silly addNameRange     '1.4.2',
223 silly addNameRange     '1.4.3',
223 silly addNameRange     '1.5.0',
223 silly addNameRange     '1.5.1',
223 silly addNameRange     '1.5.2',
223 silly addNameRange     '1.5.3',
223 silly addNameRange     '1.6.0',
223 silly addNameRange     '1.6.1',
223 silly addNameRange     '1.6.2',
223 silly addNameRange     '1.7.0',
223 silly addNameRange     '1.7.1',
223 silly addNameRange     '1.7.2',
223 silly addNameRange     '1.7.3',
223 silly addNameRange     '1.8.0',
223 silly addNameRange     '1.8.1',
223 silly addNameRange     '1.9.0',
223 silly addNameRange     '1.9.1',
223 silly addNameRange     '1.10.0',
223 silly addNameRange     '1.10.1',
223 silly addNameRange     '1.11.0',
223 silly addNameRange     '1.11.1',
223 silly addNameRange     '1.11.2',
223 silly addNameRange     '1.11.3',
223 silly addNameRange     '1.12.0',
223 silly addNameRange     '1.12.1',
223 silly addNameRange     '1.13.0',
223 silly addNameRange     '1.13.1',
223 silly addNameRange     '1.13.2',
223 silly addNameRange     '1.13.3' ] ]
224 silly addNamed http-proxy@1.13.3
225 verbose addNamed "1.13.3" is a plain semver version for http-proxy
226 verbose afterAdd /home/andy/.npm/opener/1.4.1/package/package.json written
227 silly cache afterAdd http-proxy@1.13.3
228 verbose afterAdd /home/andy/.npm/http-proxy/1.13.3/package/package.json not in flight; writing
229 verbose correctMkdir /home/andy/.npm correctMkdir not in flight; initializing
230 verbose afterAdd /home/andy/.npm/http-proxy/1.13.3/package/package.json written
231 http 304 https://registry.npmjs.org/colors
232 verbose headers { date: 'Fri, 10 Jun 2016 21:57:35 GMT',
232 verbose headers   via: '1.1 varnish',
232 verbose headers   'cache-control': 'max-age=300',
232 verbose headers   etag: '"4NJZRJQD07CAE4HNMW384EFHO"',
232 verbose headers   age: '201',
232 verbose headers   connection: 'keep-alive',
232 verbose headers   'x-served-by': 'cache-jfk1040-JFK',
232 verbose headers   'x-cache': 'HIT',
232 verbose headers   'x-cache-hits': '11',
232 verbose headers   'x-timer': 'S1465595855.919947,VS0,VE0',
232 verbose headers   vary: 'Accept-Encoding' }
233 silly get cb [ 304,
233 silly get   { date: 'Fri, 10 Jun 2016 21:57:35 GMT',
233 silly get     via: '1.1 varnish',
233 silly get     'cache-control': 'max-age=300',
233 silly get     etag: '"4NJZRJQD07CAE4HNMW384EFHO"',
233 silly get     age: '201',
233 silly get     connection: 'keep-alive',
233 silly get     'x-served-by': 'cache-jfk1040-JFK',
233 silly get     'x-cache': 'HIT',
233 silly get     'x-cache-hits': '11',
233 silly get     'x-timer': 'S1465595855.919947,VS0,VE0',
233 silly get     vary: 'Accept-Encoding' } ]
234 verbose etag https://registry.npmjs.org/colors from cache
235 verbose get saving colors to /home/andy/.npm/registry.npmjs.org/colors/.cache.json
236 verbose correctMkdir /home/andy/.npm correctMkdir not in flight; initializing
237 silly resolveWithNewModule colors@1.0.3 checking installable status
238 silly cache add args [ 'colors@1.0.3', null ]
239 verbose cache add spec colors@1.0.3
240 silly cache add parsed spec Result {
240 silly cache add   raw: 'colors@1.0.3',
240 silly cache add   scope: null,
240 silly cache add   name: 'colors',
240 silly cache add   rawSpec: '1.0.3',
240 silly cache add   spec: '1.0.3',
240 silly cache add   type: 'version' }
241 silly addNamed colors@1.0.3
242 verbose addNamed "1.0.3" is a plain semver version for colors
243 silly mapToRegistry name colors
244 silly mapToRegistry using default registry
245 silly mapToRegistry registry https://registry.npmjs.org/
246 silly mapToRegistry data Result {
246 silly mapToRegistry   raw: 'colors',
246 silly mapToRegistry   scope: null,
246 silly mapToRegistry   name: 'colors',
246 silly mapToRegistry   rawSpec: '',
246 silly mapToRegistry   spec: 'latest',
246 silly mapToRegistry   type: 'tag' }
247 silly mapToRegistry uri https://registry.npmjs.org/colors
248 verbose addNameVersion registry:https://registry.npmjs.org/colors not in flight; fetching
249 verbose get https://registry.npmjs.org/colors not expired, no request
250 silly cache afterAdd colors@1.0.3
251 verbose afterAdd /home/andy/.npm/colors/1.0.3/package/package.json not in flight; writing
252 verbose correctMkdir /home/andy/.npm correctMkdir not in flight; initializing
253 verbose afterAdd /home/andy/.npm/colors/1.0.3/package/package.json written
254 http 200 https://registry.npmjs.org/optimist
255 verbose headers { server: 'CouchDB/1.5.0 (Erlang OTP/R16B03)',
255 verbose headers   etag: '"28OT6TDNWBYMITUW3J8LR37RB"',
255 verbose headers   'content-type': 'application/json',
255 verbose headers   'content-encoding': 'gzip',
255 verbose headers   'cache-control': 'max-age=300',
255 verbose headers   'content-length': '9257',
255 verbose headers   'accept-ranges': 'bytes',
255 verbose headers   date: 'Fri, 10 Jun 2016 21:57:35 GMT',
255 verbose headers   via: '1.1 varnish',
255 verbose headers   age: '238',
255 verbose headers   connection: 'keep-alive',
255 verbose headers   'x-served-by': 'cache-jfk1040-JFK',
255 verbose headers   'x-cache': 'HIT',
255 verbose headers   'x-cache-hits': '8',
255 verbose headers   'x-timer': 'S1465595855.915151,VS0,VE0',
255 verbose headers   vary: 'Accept-Encoding' }
256 silly get cb [ 200,
256 silly get   { server: 'CouchDB/1.5.0 (Erlang OTP/R16B03)',
256 silly get     etag: '"28OT6TDNWBYMITUW3J8LR37RB"',
256 silly get     'content-type': 'application/json',
256 silly get     'content-encoding': 'gzip',
256 silly get     'cache-control': 'max-age=300',
256 silly get     'content-length': '9257',
256 silly get     'accept-ranges': 'bytes',
256 silly get     date: 'Fri, 10 Jun 2016 21:57:35 GMT',
256 silly get     via: '1.1 varnish',
256 silly get     age: '238',
256 silly get     connection: 'keep-alive',
256 silly get     'x-served-by': 'cache-jfk1040-JFK',
256 silly get     'x-cache': 'HIT',
256 silly get     'x-cache-hits': '8',
256 silly get     'x-timer': 'S1465595855.915151,VS0,VE0',
256 silly get     vary: 'Accept-Encoding' } ]
257 verbose get saving optimist to /home/andy/.npm/registry.npmjs.org/optimist/.cache.json
258 verbose correctMkdir /home/andy/.npm correctMkdir not in flight; initializing
259 silly resolveWithNewModule optimist@0.6.1 checking installable status
260 silly cache add args [ 'optimist@0.6.x', null ]
261 verbose cache add spec optimist@0.6.x
262 silly cache add parsed spec Result {
262 silly cache add   raw: 'optimist@0.6.x',
262 silly cache add   scope: null,
262 silly cache add   name: 'optimist',
262 silly cache add   rawSpec: '0.6.x',
262 silly cache add   spec: '>=0.6.0 <0.7.0',
262 silly cache add   type: 'range' }
263 silly addNamed optimist@>=0.6.0 <0.7.0
264 verbose addNamed ">=0.6.0 <0.7.0" is a valid semver range for optimist
265 silly addNameRange { name: 'optimist', range: '>=0.6.0 <0.7.0', hasData: false }
266 silly mapToRegistry name optimist
267 silly mapToRegistry using default registry
268 silly mapToRegistry registry https://registry.npmjs.org/
269 silly mapToRegistry data Result {
269 silly mapToRegistry   raw: 'optimist',
269 silly mapToRegistry   scope: null,
269 silly mapToRegistry   name: 'optimist',
269 silly mapToRegistry   rawSpec: '',
269 silly mapToRegistry   spec: 'latest',
269 silly mapToRegistry   type: 'tag' }
270 silly mapToRegistry uri https://registry.npmjs.org/optimist
271 verbose addNameRange registry:https://registry.npmjs.org/optimist not in flight; fetching
272 verbose get https://registry.npmjs.org/optimist not expired, no request
273 silly addNameRange number 2 { name: 'optimist', range: '>=0.6.0 <0.7.0', hasData: true }
274 silly addNameRange versions [ 'optimist',
274 silly addNameRange   [ '0.0.1',
274 silly addNameRange     '0.0.2',
274 silly addNameRange     '0.0.4',
274 silly addNameRange     '0.0.5',
274 silly addNameRange     '0.0.6',
274 silly addNameRange     '0.0.7',
274 silly addNameRange     '0.1.0',
274 silly addNameRange     '0.1.1',
274 silly addNameRange     '0.1.2',
274 silly addNameRange     '0.1.3',
274 silly addNameRange     '0.1.4',
274 silly addNameRange     '0.1.5',
274 silly addNameRange     '0.1.6',
274 silly addNameRange     '0.1.7',
274 silly addNameRange     '0.1.8',
274 silly addNameRange     '0.1.9',
274 silly addNameRange     '0.0.3',
274 silly addNameRange     '0.2.0',
274 silly addNameRange     '0.2.1',
274 silly addNameRange     '0.2.2',
274 silly addNameRange     '0.2.3',
274 silly addNameRange     '0.2.4',
274 silly addNameRange     '0.2.5',
274 silly addNameRange     '0.2.6',
274 silly addNameRange     '0.2.7',
274 silly addNameRange     '0.2.8',
274 silly addNameRange     '0.3.0',
274 silly addNameRange     '0.3.1',
274 silly addNameRange     '0.3.3',
274 silly addNameRange     '0.3.4',
274 silly addNameRange     '0.3.5',
274 silly addNameRange     '0.3.6',
274 silly addNameRange     '0.3.7',
274 silly addNameRange     '0.4.0',
274 silly addNameRange     '0.5.0',
274 silly addNameRange     '0.5.1',
274 silly addNameRange     '0.5.2',
274 silly addNameRange     '0.6.0',
274 silly addNameRange     '0.6.1' ] ]
275 silly addNamed optimist@0.6.1
276 verbose addNamed "0.6.1" is a plain semver version for optimist
277 silly cache afterAdd optimist@0.6.1
278 verbose afterAdd /home/andy/.npm/optimist/0.6.1/package/package.json not in flight; writing
279 verbose correctMkdir /home/andy/.npm correctMkdir not in flight; initializing
280 verbose afterAdd /home/andy/.npm/optimist/0.6.1/package/package.json written
281 http 304 https://registry.npmjs.org/union
282 verbose headers { date: 'Fri, 10 Jun 2016 21:57:35 GMT',
282 verbose headers   via: '1.1 varnish',
282 verbose headers   'cache-control': 'max-age=300',
282 verbose headers   etag: '"CVJ4YJREGBVZEPY9WXDMRP5PL"',
282 verbose headers   age: '0',
282 verbose headers   connection: 'keep-alive',
282 verbose headers   'x-served-by': 'cache-jfk1031-JFK',
282 verbose headers   'x-cache': 'HIT',
282 verbose headers   'x-cache-hits': '1',
282 verbose headers   'x-timer': 'S1465595855.928631,VS0,VE77',
282 verbose headers   vary: 'Accept-Encoding' }
283 silly get cb [ 304,
283 silly get   { date: 'Fri, 10 Jun 2016 21:57:35 GMT',
283 silly get     via: '1.1 varnish',
283 silly get     'cache-control': 'max-age=300',
283 silly get     etag: '"CVJ4YJREGBVZEPY9WXDMRP5PL"',
283 silly get     age: '0',
283 silly get     connection: 'keep-alive',
283 silly get     'x-served-by': 'cache-jfk1031-JFK',
283 silly get     'x-cache': 'HIT',
283 silly get     'x-cache-hits': '1',
283 silly get     'x-timer': 'S1465595855.928631,VS0,VE77',
283 silly get     vary: 'Accept-Encoding' } ]
284 verbose etag https://registry.npmjs.org/union from cache
285 verbose get saving union to /home/andy/.npm/registry.npmjs.org/union/.cache.json
286 verbose correctMkdir /home/andy/.npm correctMkdir not in flight; initializing
287 silly resolveWithNewModule union@0.4.4 checking installable status
288 silly cache add args [ 'union@~0.4.3', null ]
289 verbose cache add spec union@~0.4.3
290 silly cache add parsed spec Result {
290 silly cache add   raw: 'union@~0.4.3',
290 silly cache add   scope: null,
290 silly cache add   name: 'union',
290 silly cache add   rawSpec: '~0.4.3',
290 silly cache add   spec: '>=0.4.3 <0.5.0',
290 silly cache add   type: 'range' }
291 silly addNamed union@>=0.4.3 <0.5.0
292 verbose addNamed ">=0.4.3 <0.5.0" is a valid semver range for union
293 silly addNameRange { name: 'union', range: '>=0.4.3 <0.5.0', hasData: false }
294 silly mapToRegistry name union
295 silly mapToRegistry using default registry
296 silly mapToRegistry registry https://registry.npmjs.org/
297 silly mapToRegistry data Result {
297 silly mapToRegistry   raw: 'union',
297 silly mapToRegistry   scope: null,
297 silly mapToRegistry   name: 'union',
297 silly mapToRegistry   rawSpec: '',
297 silly mapToRegistry   spec: 'latest',
297 silly mapToRegistry   type: 'tag' }
298 silly mapToRegistry uri https://registry.npmjs.org/union
299 verbose addNameRange registry:https://registry.npmjs.org/union not in flight; fetching
300 verbose get https://registry.npmjs.org/union not expired, no request
301 silly addNameRange number 2 { name: 'union', range: '>=0.4.3 <0.5.0', hasData: true }
302 silly addNameRange versions [ 'union',
302 silly addNameRange   [ '0.1.0',
302 silly addNameRange     '0.1.2',
302 silly addNameRange     '0.1.3',
302 silly addNameRange     '0.1.4',
302 silly addNameRange     '0.1.5',
302 silly addNameRange     '0.1.6',
302 silly addNameRange     '0.1.7',
302 silly addNameRange     '0.1.8',
302 silly addNameRange     '0.2.0',
302 silly addNameRange     '0.2.1',
302 silly addNameRange     '0.3.0',
302 silly addNameRange     '0.3.2',
302 silly addNameRange     '0.3.3',
302 silly addNameRange     '0.3.4',
302 silly addNameRange     '0.3.5',
302 silly addNameRange     '0.3.6',
302 silly addNameRange     '0.3.7',
302 silly addNameRange     '0.3.8',
302 silly addNameRange     '0.4.0',
302 silly addNameRange     '0.4.1',
302 silly addNameRange     '0.4.2',
302 silly addNameRange     '0.4.3',
302 silly addNameRange     '0.4.4' ] ]
303 silly addNamed union@0.4.4
304 verbose addNamed "0.4.4" is a plain semver version for union
305 silly cache afterAdd union@0.4.4
306 verbose afterAdd /home/andy/.npm/union/0.4.4/package/package.json not in flight; writing
307 verbose correctMkdir /home/andy/.npm correctMkdir not in flight; initializing
308 http 304 https://registry.npmjs.org/portfinder
309 verbose headers { date: 'Fri, 10 Jun 2016 21:57:35 GMT',
309 verbose headers   via: '1.1 varnish',
309 verbose headers   'cache-control': 'max-age=300',
309 verbose headers   etag: '"EBKMGVTGCF8O1KY8KU2WZDCOW"',
309 verbose headers   age: '0',
309 verbose headers   connection: 'keep-alive',
309 verbose headers   'x-served-by': 'cache-jfk1050-JFK',
309 verbose headers   'x-cache': 'HIT',
309 verbose headers   'x-cache-hits': '1',
309 verbose headers   'x-timer': 'S1465595855.970999,VS0,VE19',
309 verbose headers   vary: 'Accept-Encoding' }
310 silly get cb [ 304,
310 silly get   { date: 'Fri, 10 Jun 2016 21:57:35 GMT',
310 silly get     via: '1.1 varnish',
310 silly get     'cache-control': 'max-age=300',
310 silly get     etag: '"EBKMGVTGCF8O1KY8KU2WZDCOW"',
310 silly get     age: '0',
310 silly get     connection: 'keep-alive',
310 silly get     'x-served-by': 'cache-jfk1050-JFK',
310 silly get     'x-cache': 'HIT',
310 silly get     'x-cache-hits': '1',
310 silly get     'x-timer': 'S1465595855.970999,VS0,VE19',
310 silly get     vary: 'Accept-Encoding' } ]
311 verbose etag https://registry.npmjs.org/portfinder from cache
312 verbose get saving portfinder to /home/andy/.npm/registry.npmjs.org/portfinder/.cache.json
313 verbose correctMkdir /home/andy/.npm correctMkdir not in flight; initializing
314 verbose afterAdd /home/andy/.npm/union/0.4.4/package/package.json written
315 silly resolveWithNewModule portfinder@0.4.0 checking installable status
316 silly cache add args [ 'portfinder@0.4.x', null ]
317 verbose cache add spec portfinder@0.4.x
318 silly cache add parsed spec Result {
318 silly cache add   raw: 'portfinder@0.4.x',
318 silly cache add   scope: null,
318 silly cache add   name: 'portfinder',
318 silly cache add   rawSpec: '0.4.x',
318 silly cache add   spec: '>=0.4.0 <0.5.0',
318 silly cache add   type: 'range' }
319 silly addNamed portfinder@>=0.4.0 <0.5.0
320 verbose addNamed ">=0.4.0 <0.5.0" is a valid semver range for portfinder
321 silly addNameRange { name: 'portfinder', range: '>=0.4.0 <0.5.0', hasData: false }
322 silly mapToRegistry name portfinder
323 silly mapToRegistry using default registry
324 silly mapToRegistry registry https://registry.npmjs.org/
325 silly mapToRegistry data Result {
325 silly mapToRegistry   raw: 'portfinder',
325 silly mapToRegistry   scope: null,
325 silly mapToRegistry   name: 'portfinder',
325 silly mapToRegistry   rawSpec: '',
325 silly mapToRegistry   spec: 'latest',
325 silly mapToRegistry   type: 'tag' }
326 silly mapToRegistry uri https://registry.npmjs.org/portfinder
327 verbose addNameRange registry:https://registry.npmjs.org/portfinder not in flight; fetching
328 verbose get https://registry.npmjs.org/portfinder not expired, no request
329 silly addNameRange number 2 { name: 'portfinder', range: '>=0.4.0 <0.5.0', hasData: true }
330 silly addNameRange versions [ 'portfinder',
330 silly addNameRange   [ '0.1.0',
330 silly addNameRange     '0.2.0',
330 silly addNameRange     '0.2.1',
330 silly addNameRange     '0.3.0',
330 silly addNameRange     '0.4.0',
330 silly addNameRange     '1.0.0',
330 silly addNameRange     '1.0.1',
330 silly addNameRange     '1.0.2',
330 silly addNameRange     '1.0.3' ] ]
331 silly addNamed portfinder@0.4.0
332 verbose addNamed "0.4.0" is a plain semver version for portfinder
333 silly cache afterAdd portfinder@0.4.0
334 verbose afterAdd /home/andy/.npm/portfinder/0.4.0/package/package.json not in flight; writing
335 verbose correctMkdir /home/andy/.npm correctMkdir not in flight; initializing
336 verbose afterAdd /home/andy/.npm/portfinder/0.4.0/package/package.json written
337 http 304 https://registry.npmjs.org/ecstatic
338 verbose headers { date: 'Fri, 10 Jun 2016 21:57:35 GMT',
338 verbose headers   via: '1.1 varnish',
338 verbose headers   'cache-control': 'max-age=300',
338 verbose headers   etag: '"49IDKRX8CA5LDU7XEH3MN4BAI"',
338 verbose headers   age: '0',
338 verbose headers   connection: 'keep-alive',
338 verbose headers   'x-served-by': 'cache-jfk1051-JFK',
338 verbose headers   'x-cache': 'HIT',
338 verbose headers   'x-cache-hits': '1',
338 verbose headers   'x-timer': 'S1465595855.964095,VS0,VE98',
338 verbose headers   vary: 'Accept-Encoding' }
339 silly get cb [ 304,
339 silly get   { date: 'Fri, 10 Jun 2016 21:57:35 GMT',
339 silly get     via: '1.1 varnish',
339 silly get     'cache-control': 'max-age=300',
339 silly get     etag: '"49IDKRX8CA5LDU7XEH3MN4BAI"',
339 silly get     age: '0',
339 silly get     connection: 'keep-alive',
339 silly get     'x-served-by': 'cache-jfk1051-JFK',
339 silly get     'x-cache': 'HIT',
339 silly get     'x-cache-hits': '1',
339 silly get     'x-timer': 'S1465595855.964095,VS0,VE98',
339 silly get     vary: 'Accept-Encoding' } ]
340 verbose etag https://registry.npmjs.org/ecstatic from cache
341 verbose get saving ecstatic to /home/andy/.npm/registry.npmjs.org/ecstatic/.cache.json
342 verbose correctMkdir /home/andy/.npm correctMkdir not in flight; initializing
343 silly resolveWithNewModule ecstatic@1.4.1 checking installable status
344 silly cache add args [ 'ecstatic@^1.4.0', null ]
345 verbose cache add spec ecstatic@^1.4.0
346 silly cache add parsed spec Result {
346 silly cache add   raw: 'ecstatic@^1.4.0',
346 silly cache add   scope: null,
346 silly cache add   name: 'ecstatic',
346 silly cache add   rawSpec: '^1.4.0',
346 silly cache add   spec: '>=1.4.0 <2.0.0',
346 silly cache add   type: 'range' }
347 silly addNamed ecstatic@>=1.4.0 <2.0.0
348 verbose addNamed ">=1.4.0 <2.0.0" is a valid semver range for ecstatic
349 silly addNameRange { name: 'ecstatic', range: '>=1.4.0 <2.0.0', hasData: false }
350 silly mapToRegistry name ecstatic
351 silly mapToRegistry using default registry
352 silly mapToRegistry registry https://registry.npmjs.org/
353 silly mapToRegistry data Result {
353 silly mapToRegistry   raw: 'ecstatic',
353 silly mapToRegistry   scope: null,
353 silly mapToRegistry   name: 'ecstatic',
353 silly mapToRegistry   rawSpec: '',
353 silly mapToRegistry   spec: 'latest',
353 silly mapToRegistry   type: 'tag' }
354 silly mapToRegistry uri https://registry.npmjs.org/ecstatic
355 verbose addNameRange registry:https://registry.npmjs.org/ecstatic not in flight; fetching
356 verbose get https://registry.npmjs.org/ecstatic not expired, no request
357 silly addNameRange number 2 { name: 'ecstatic', range: '>=1.4.0 <2.0.0', hasData: true }
358 silly addNameRange versions [ 'ecstatic',
358 silly addNameRange   [ '0.0.0',
358 silly addNameRange     '0.0.1',
358 silly addNameRange     '0.1.0',
358 silly addNameRange     '0.1.1',
358 silly addNameRange     '0.1.1-1',
358 silly addNameRange     '0.1.2',
358 silly addNameRange     '0.1.2-1',
358 silly addNameRange     '0.1.4',
358 silly addNameRange     '0.1.5',
358 silly addNameRange     '0.1.6',
358 silly addNameRange     '0.1.7',
358 silly addNameRange     '0.3.0',
358 silly addNameRange     '0.3.1',
358 silly addNameRange     '0.3.2',
358 silly addNameRange     '0.4.0',
358 silly addNameRange     '0.4.1',
358 silly addNameRange     '0.4.2',
358 silly addNameRange     '0.4.3',
358 silly addNameRange     '0.4.4',
358 silly addNameRange     '0.4.5',
358 silly addNameRange     '0.4.6',
358 silly addNameRange     '0.4.7',
358 silly addNameRange     '0.4.8',
358 silly addNameRange     '0.4.9',
358 silly addNameRange     '0.4.10',
358 silly addNameRange     '0.4.11',
358 silly addNameRange     '0.4.12',
358 silly addNameRange     '0.4.13',
358 silly addNameRange     '0.5.0',
358 silly addNameRange     '0.5.1',
358 silly addNameRange     '0.5.2',
358 silly addNameRange     '0.5.3',
358 silly addNameRange     '0.5.4',
358 silly addNameRange     '0.5.5',
358 silly addNameRange     '0.5.6',
358 silly addNameRange     '0.5.7',
358 silly addNameRange     '0.5.8',
358 silly addNameRange     '0.6.0',
358 silly addNameRange     '0.6.1',
358 silly addNameRange     '0.7.0',
358 silly addNameRange     '0.7.1',
358 silly addNameRange     '0.7.2',
358 silly addNameRange     '0.7.3',
358 silly addNameRange     '0.7.4',
358 silly addNameRange     '0.7.5',
358 silly addNameRange     '0.7.6',
358 silly addNameRange     '0.8.0',
358 silly addNameRange     '1.0.0',
358 silly addNameRange     '1.0.1',
358 silly addNameRange     '1.1.0',
358 silly addNameRange     '1.1.1',
358 silly addNameRange     '1.1.2',
358 silly addNameRange     '1.1.3',
358 silly addNameRange     '1.2.0',
358 silly addNameRange     '1.3.0',
358 silly addNameRange     '1.3.1',
358 silly addNameRange     '1.4.0',
358 silly addNameRange     '1.4.1' ] ]
359 silly addNamed ecstatic@1.4.1
360 verbose addNamed "1.4.1" is a plain semver version for ecstatic
361 silly cache afterAdd ecstatic@1.4.1
362 verbose afterAdd /home/andy/.npm/ecstatic/1.4.1/package/package.json not in flight; writing
363 verbose correctMkdir /home/andy/.npm correctMkdir not in flight; initializing
364 verbose afterAdd /home/andy/.npm/ecstatic/1.4.1/package/package.json written
365 silly fetchNamedPackageData he
366 silly mapToRegistry name he
367 silly mapToRegistry using default registry
368 silly mapToRegistry registry https://registry.npmjs.org/
369 silly mapToRegistry data Result {
369 silly mapToRegistry   raw: 'he',
369 silly mapToRegistry   scope: null,
369 silly mapToRegistry   name: 'he',
369 silly mapToRegistry   rawSpec: '',
369 silly mapToRegistry   spec: 'latest',
369 silly mapToRegistry   type: 'tag' }
370 silly mapToRegistry uri https://registry.npmjs.org/he
371 silly fetchNamedPackageData mime
372 silly mapToRegistry name mime
373 silly mapToRegistry using default registry
374 silly mapToRegistry registry https://registry.npmjs.org/
375 silly mapToRegistry data Result {
375 silly mapToRegistry   raw: 'mime',
375 silly mapToRegistry   scope: null,
375 silly mapToRegistry   name: 'mime',
375 silly mapToRegistry   rawSpec: '',
375 silly mapToRegistry   spec: 'latest',
375 silly mapToRegistry   type: 'tag' }
376 silly mapToRegistry uri https://registry.npmjs.org/mime
377 silly fetchNamedPackageData minimist
378 silly mapToRegistry name minimist
379 silly mapToRegistry using default registry
380 silly mapToRegistry registry https://registry.npmjs.org/
381 silly mapToRegistry data Result {
381 silly mapToRegistry   raw: 'minimist',
381 silly mapToRegistry   scope: null,
381 silly mapToRegistry   name: 'minimist',
381 silly mapToRegistry   rawSpec: '',
381 silly mapToRegistry   spec: 'latest',
381 silly mapToRegistry   type: 'tag' }
382 silly mapToRegistry uri https://registry.npmjs.org/minimist
383 silly fetchNamedPackageData url-join
384 silly mapToRegistry name url-join
385 silly mapToRegistry using default registry
386 silly mapToRegistry registry https://registry.npmjs.org/
387 silly mapToRegistry data Result {
387 silly mapToRegistry   raw: 'url-join',
387 silly mapToRegistry   scope: null,
387 silly mapToRegistry   name: 'url-join',
387 silly mapToRegistry   rawSpec: '',
387 silly mapToRegistry   spec: 'latest',
387 silly mapToRegistry   type: 'tag' }
388 silly mapToRegistry uri https://registry.npmjs.org/url-join
389 verbose request uri https://registry.npmjs.org/he
390 verbose request no auth needed
391 info attempt registry request try #1 at 11:57:36 AM
392 verbose etag "8JG90G2KYMAZLUD73GZRW4O0O"
393 http request GET https://registry.npmjs.org/he
394 verbose request uri https://registry.npmjs.org/minimist
395 verbose request no auth needed
396 info attempt registry request try #1 at 11:57:36 AM
397 verbose etag "6WYQRB61MFPPSGGUX40OUX4JM"
398 http request GET https://registry.npmjs.org/minimist
399 verbose request uri https://registry.npmjs.org/mime
400 verbose request no auth needed
401 info attempt registry request try #1 at 11:57:36 AM
402 verbose etag "4292O0ISOGXUUCEERLNOXJEA2"
403 http request GET https://registry.npmjs.org/mime
404 verbose request uri https://registry.npmjs.org/url-join
405 verbose request no auth needed
406 info attempt registry request try #1 at 11:57:36 AM
407 verbose etag "857MW7ESVSO7VR05U7PUZLHS3"
408 http request GET https://registry.npmjs.org/url-join
409 http 304 https://registry.npmjs.org/he
410 verbose headers { date: 'Fri, 10 Jun 2016 21:57:36 GMT',
410 verbose headers   via: '1.1 varnish',
410 verbose headers   'cache-control': 'max-age=300',
410 verbose headers   etag: '"8JG90G2KYMAZLUD73GZRW4O0O"',
410 verbose headers   age: '298',
410 verbose headers   connection: 'keep-alive',
410 verbose headers   'x-served-by': 'cache-jfk1032-JFK',
410 verbose headers   'x-cache': 'HIT',
410 verbose headers   'x-cache-hits': '3',
410 verbose headers   'x-timer': 'S1465595856.239623,VS0,VE0',
410 verbose headers   vary: 'Accept-Encoding' }
411 silly get cb [ 304,
411 silly get   { date: 'Fri, 10 Jun 2016 21:57:36 GMT',
411 silly get     via: '1.1 varnish',
411 silly get     'cache-control': 'max-age=300',
411 silly get     etag: '"8JG90G2KYMAZLUD73GZRW4O0O"',
411 silly get     age: '298',
411 silly get     connection: 'keep-alive',
411 silly get     'x-served-by': 'cache-jfk1032-JFK',
411 silly get     'x-cache': 'HIT',
411 silly get     'x-cache-hits': '3',
411 silly get     'x-timer': 'S1465595856.239623,VS0,VE0',
411 silly get     vary: 'Accept-Encoding' } ]
412 verbose etag https://registry.npmjs.org/he from cache
413 verbose get saving he to /home/andy/.npm/registry.npmjs.org/he/.cache.json
414 verbose correctMkdir /home/andy/.npm correctMkdir not in flight; initializing
415 silly resolveWithNewModule he@0.5.0 checking installable status
416 silly cache add args [ 'he@^0.5.0', null ]
417 verbose cache add spec he@^0.5.0
418 silly cache add parsed spec Result {
418 silly cache add   raw: 'he@^0.5.0',
418 silly cache add   scope: null,
418 silly cache add   name: 'he',
418 silly cache add   rawSpec: '^0.5.0',
418 silly cache add   spec: '>=0.5.0 <0.6.0',
418 silly cache add   type: 'range' }
419 silly addNamed he@>=0.5.0 <0.6.0
420 verbose addNamed ">=0.5.0 <0.6.0" is a valid semver range for he
421 silly addNameRange { name: 'he', range: '>=0.5.0 <0.6.0', hasData: false }
422 silly mapToRegistry name he
423 silly mapToRegistry using default registry
424 silly mapToRegistry registry https://registry.npmjs.org/
425 silly mapToRegistry data Result {
425 silly mapToRegistry   raw: 'he',
425 silly mapToRegistry   scope: null,
425 silly mapToRegistry   name: 'he',
425 silly mapToRegistry   rawSpec: '',
425 silly mapToRegistry   spec: 'latest',
425 silly mapToRegistry   type: 'tag' }
426 silly mapToRegistry uri https://registry.npmjs.org/he
427 verbose addNameRange registry:https://registry.npmjs.org/he not in flight; fetching
428 verbose get https://registry.npmjs.org/he not expired, no request
429 silly addNameRange number 2 { name: 'he', range: '>=0.5.0 <0.6.0', hasData: true }
430 silly addNameRange versions [ 'he',
430 silly addNameRange   [ '0.1.0',
430 silly addNameRange     '0.1.1',
430 silly addNameRange     '0.1.2',
430 silly addNameRange     '0.1.3',
430 silly addNameRange     '0.1.4',
430 silly addNameRange     '0.1.5',
430 silly addNameRange     '0.1.6',
430 silly addNameRange     '0.1.7',
430 silly addNameRange     '0.1.8',
430 silly addNameRange     '0.1.9',
430 silly addNameRange     '0.1.10',
430 silly addNameRange     '0.2.0',
430 silly addNameRange     '0.2.1',
430 silly addNameRange     '0.3.0',
430 silly addNameRange     '0.3.1',
430 silly addNameRange     '0.3.2',
430 silly addNameRange     '0.3.3',
430 silly addNameRange     '0.3.4',
430 silly addNameRange     '0.3.5',
430 silly addNameRange     '0.3.6',
430 silly addNameRange     '0.4.0',
430 silly addNameRange     '0.4.1',
430 silly addNameRange     '0.5.0',
430 silly addNameRange     '1.0.0',
430 silly addNameRange     '1.1.0' ] ]
431 silly addNamed he@0.5.0
432 verbose addNamed "0.5.0" is a plain semver version for he
433 http 304 https://registry.npmjs.org/minimist
434 verbose headers { date: 'Fri, 10 Jun 2016 21:57:36 GMT',
434 verbose headers   via: '1.1 varnish',
434 verbose headers   'cache-control': 'max-age=300',
434 verbose headers   etag: '"6WYQRB61MFPPSGGUX40OUX4JM"',
434 verbose headers   age: '143',
434 verbose headers   connection: 'keep-alive',
434 verbose headers   'x-served-by': 'cache-jfk1030-JFK',
434 verbose headers   'x-cache': 'HIT',
434 verbose headers   'x-cache-hits': '16',
434 verbose headers   'x-timer': 'S1465595856.247548,VS0,VE0',
434 verbose headers   vary: 'Accept-Encoding' }
435 silly get cb [ 304,
435 silly get   { date: 'Fri, 10 Jun 2016 21:57:36 GMT',
435 silly get     via: '1.1 varnish',
435 silly get     'cache-control': 'max-age=300',
435 silly get     etag: '"6WYQRB61MFPPSGGUX40OUX4JM"',
435 silly get     age: '143',
435 silly get     connection: 'keep-alive',
435 silly get     'x-served-by': 'cache-jfk1030-JFK',
435 silly get     'x-cache': 'HIT',
435 silly get     'x-cache-hits': '16',
435 silly get     'x-timer': 'S1465595856.247548,VS0,VE0',
435 silly get     vary: 'Accept-Encoding' } ]
436 verbose etag https://registry.npmjs.org/minimist from cache
437 verbose get saving minimist to /home/andy/.npm/registry.npmjs.org/minimist/.cache.json
438 verbose correctMkdir /home/andy/.npm correctMkdir not in flight; initializing
439 http 304 https://registry.npmjs.org/mime
440 verbose headers { date: 'Fri, 10 Jun 2016 21:57:36 GMT',
440 verbose headers   via: '1.1 varnish',
440 verbose headers   'cache-control': 'max-age=300',
440 verbose headers   etag: '"4292O0ISOGXUUCEERLNOXJEA2"',
440 verbose headers   age: '109',
440 verbose headers   connection: 'keep-alive',
440 verbose headers   'x-served-by': 'cache-jfk1034-JFK',
440 verbose headers   'x-cache': 'HIT',
440 verbose headers   'x-cache-hits': '4',
440 verbose headers   'x-timer': 'S1465595856.248863,VS0,VE0',
440 verbose headers   vary: 'Accept-Encoding' }
441 silly get cb [ 304,
441 silly get   { date: 'Fri, 10 Jun 2016 21:57:36 GMT',
441 silly get     via: '1.1 varnish',
441 silly get     'cache-control': 'max-age=300',
441 silly get     etag: '"4292O0ISOGXUUCEERLNOXJEA2"',
441 silly get     age: '109',
441 silly get     connection: 'keep-alive',
441 silly get     'x-served-by': 'cache-jfk1034-JFK',
441 silly get     'x-cache': 'HIT',
441 silly get     'x-cache-hits': '4',
441 silly get     'x-timer': 'S1465595856.248863,VS0,VE0',
441 silly get     vary: 'Accept-Encoding' } ]
442 verbose etag https://registry.npmjs.org/mime from cache
443 verbose get saving mime to /home/andy/.npm/registry.npmjs.org/mime/.cache.json
444 verbose correctMkdir /home/andy/.npm correctMkdir not in flight; initializing
445 silly cache afterAdd he@0.5.0
446 verbose afterAdd /home/andy/.npm/he/0.5.0/package/package.json not in flight; writing
447 verbose correctMkdir /home/andy/.npm correctMkdir not in flight; initializing
448 silly resolveWithNewModule minimist@1.2.0 checking installable status
449 silly cache add args [ 'minimist@^1.1.0', null ]
450 verbose cache add spec minimist@^1.1.0
451 silly cache add parsed spec Result {
451 silly cache add   raw: 'minimist@^1.1.0',
451 silly cache add   scope: null,
451 silly cache add   name: 'minimist',
451 silly cache add   rawSpec: '^1.1.0',
451 silly cache add   spec: '>=1.1.0 <2.0.0',
451 silly cache add   type: 'range' }
452 silly addNamed minimist@>=1.1.0 <2.0.0
453 verbose addNamed ">=1.1.0 <2.0.0" is a valid semver range for minimist
454 silly addNameRange { name: 'minimist', range: '>=1.1.0 <2.0.0', hasData: false }
455 silly mapToRegistry name minimist
456 silly mapToRegistry using default registry
457 silly mapToRegistry registry https://registry.npmjs.org/
458 silly mapToRegistry data Result {
458 silly mapToRegistry   raw: 'minimist',
458 silly mapToRegistry   scope: null,
458 silly mapToRegistry   name: 'minimist',
458 silly mapToRegistry   rawSpec: '',
458 silly mapToRegistry   spec: 'latest',
458 silly mapToRegistry   type: 'tag' }
459 silly mapToRegistry uri https://registry.npmjs.org/minimist
460 verbose addNameRange registry:https://registry.npmjs.org/minimist not in flight; fetching
461 silly resolveWithNewModule mime@1.3.4 checking installable status
462 silly cache add args [ 'mime@^1.2.11', null ]
463 verbose cache add spec mime@^1.2.11
464 silly cache add parsed spec Result {
464 silly cache add   raw: 'mime@^1.2.11',
464 silly cache add   scope: null,
464 silly cache add   name: 'mime',
464 silly cache add   rawSpec: '^1.2.11',
464 silly cache add   spec: '>=1.2.11 <2.0.0',
464 silly cache add   type: 'range' }
465 silly addNamed mime@>=1.2.11 <2.0.0
466 verbose addNamed ">=1.2.11 <2.0.0" is a valid semver range for mime
467 silly addNameRange { name: 'mime', range: '>=1.2.11 <2.0.0', hasData: false }
468 silly mapToRegistry name mime
469 silly mapToRegistry using default registry
470 silly mapToRegistry registry https://registry.npmjs.org/
471 silly mapToRegistry data Result {
471 silly mapToRegistry   raw: 'mime',
471 silly mapToRegistry   scope: null,
471 silly mapToRegistry   name: 'mime',
471 silly mapToRegistry   rawSpec: '',
471 silly mapToRegistry   spec: 'latest',
471 silly mapToRegistry   type: 'tag' }
472 silly mapToRegistry uri https://registry.npmjs.org/mime
473 verbose addNameRange registry:https://registry.npmjs.org/mime not in flight; fetching
474 verbose afterAdd /home/andy/.npm/he/0.5.0/package/package.json written
475 verbose get https://registry.npmjs.org/minimist not expired, no request
476 silly addNameRange number 2 { name: 'minimist', range: '>=1.1.0 <2.0.0', hasData: true }
477 silly addNameRange versions [ 'minimist',
477 silly addNameRange   [ '0.0.0',
477 silly addNameRange     '0.0.1',
477 silly addNameRange     '0.0.2',
477 silly addNameRange     '0.0.3',
477 silly addNameRange     '0.0.4',
477 silly addNameRange     '0.0.5',
477 silly addNameRange     '0.0.6',
477 silly addNameRange     '0.0.7',
477 silly addNameRange     '0.0.8',
477 silly addNameRange     '0.0.9',
477 silly addNameRange     '0.0.10',
477 silly addNameRange     '0.1.0',
477 silly addNameRange     '0.2.0',
477 silly addNameRange     '1.0.0',
477 silly addNameRange     '1.1.0',
477 silly addNameRange     '1.1.1',
477 silly addNameRange     '1.1.2',
477 silly addNameRange     '1.1.3',
477 silly addNameRange     '1.2.0' ] ]
478 silly addNamed minimist@1.2.0
479 verbose addNamed "1.2.0" is a plain semver version for minimist
480 verbose get https://registry.npmjs.org/mime not expired, no request
481 silly addNameRange number 2 { name: 'mime', range: '>=1.2.11 <2.0.0', hasData: true }
482 silly addNameRange versions [ 'mime',
482 silly addNameRange   [ '1.0.0',
482 silly addNameRange     '1.1.0',
482 silly addNameRange     '1.2.1',
482 silly addNameRange     '1.2.2',
482 silly addNameRange     '1.2.3',
482 silly addNameRange     '1.2.4',
482 silly addNameRange     '1.2.5',
482 silly addNameRange     '1.2.6',
482 silly addNameRange     '1.2.7',
482 silly addNameRange     '1.2.8',
482 silly addNameRange     '1.2.9',
482 silly addNameRange     '1.2.10',
482 silly addNameRange     '1.2.11',
482 silly addNameRange     '1.3.0',
482 silly addNameRange     '1.3.2',
482 silly addNameRange     '1.3.3',
482 silly addNameRange     '1.3.4' ] ]
483 silly addNamed mime@1.3.4
484 verbose addNamed "1.3.4" is a plain semver version for mime
485 silly cache afterAdd minimist@1.2.0
486 verbose afterAdd /home/andy/.npm/minimist/1.2.0/package/package.json not in flight; writing
487 verbose correctMkdir /home/andy/.npm correctMkdir not in flight; initializing
488 silly cache afterAdd mime@1.3.4
489 verbose afterAdd /home/andy/.npm/mime/1.3.4/package/package.json not in flight; writing
490 verbose correctMkdir /home/andy/.npm correctMkdir not in flight; initializing
491 verbose afterAdd /home/andy/.npm/minimist/1.2.0/package/package.json written
492 verbose afterAdd /home/andy/.npm/mime/1.3.4/package/package.json written
493 http 304 https://registry.npmjs.org/url-join
494 verbose headers { date: 'Fri, 10 Jun 2016 21:57:36 GMT',
494 verbose headers   via: '1.1 varnish',
494 verbose headers   'cache-control': 'max-age=300',
494 verbose headers   etag: '"857MW7ESVSO7VR05U7PUZLHS3"',
494 verbose headers   age: '170',
494 verbose headers   connection: 'keep-alive',
494 verbose headers   'x-served-by': 'cache-jfk1040-JFK',
494 verbose headers   'x-cache': 'HIT',
494 verbose headers   'x-cache-hits': '1',
494 verbose headers   'x-timer': 'S1465595856.269769,VS0,VE0',
494 verbose headers   vary: 'Accept-Encoding' }
495 silly get cb [ 304,
495 silly get   { date: 'Fri, 10 Jun 2016 21:57:36 GMT',
495 silly get     via: '1.1 varnish',
495 silly get     'cache-control': 'max-age=300',
495 silly get     etag: '"857MW7ESVSO7VR05U7PUZLHS3"',
495 silly get     age: '170',
495 silly get     connection: 'keep-alive',
495 silly get     'x-served-by': 'cache-jfk1040-JFK',
495 silly get     'x-cache': 'HIT',
495 silly get     'x-cache-hits': '1',
495 silly get     'x-timer': 'S1465595856.269769,VS0,VE0',
495 silly get     vary: 'Accept-Encoding' } ]
496 verbose etag https://registry.npmjs.org/url-join from cache
497 verbose get saving url-join to /home/andy/.npm/registry.npmjs.org/url-join/.cache.json
498 verbose correctMkdir /home/andy/.npm correctMkdir not in flight; initializing
499 silly resolveWithNewModule url-join@1.1.0 checking installable status
500 silly cache add args [ 'url-join@^1.0.0', null ]
501 verbose cache add spec url-join@^1.0.0
502 silly cache add parsed spec Result {
502 silly cache add   raw: 'url-join@^1.0.0',
502 silly cache add   scope: null,
502 silly cache add   name: 'url-join',
502 silly cache add   rawSpec: '^1.0.0',
502 silly cache add   spec: '>=1.0.0 <2.0.0',
502 silly cache add   type: 'range' }
503 silly addNamed url-join@>=1.0.0 <2.0.0
504 verbose addNamed ">=1.0.0 <2.0.0" is a valid semver range for url-join
505 silly addNameRange { name: 'url-join', range: '>=1.0.0 <2.0.0', hasData: false }
506 silly mapToRegistry name url-join
507 silly mapToRegistry using default registry
508 silly mapToRegistry registry https://registry.npmjs.org/
509 silly mapToRegistry data Result {
509 silly mapToRegistry   raw: 'url-join',
509 silly mapToRegistry   scope: null,
509 silly mapToRegistry   name: 'url-join',
509 silly mapToRegistry   rawSpec: '',
509 silly mapToRegistry   spec: 'latest',
509 silly mapToRegistry   type: 'tag' }
510 silly mapToRegistry uri https://registry.npmjs.org/url-join
511 verbose addNameRange registry:https://registry.npmjs.org/url-join not in flight; fetching
512 verbose get https://registry.npmjs.org/url-join not expired, no request
513 silly addNameRange number 2 { name: 'url-join', range: '>=1.0.0 <2.0.0', hasData: true }
514 silly addNameRange versions [ 'url-join', [ '0.0.1', '1.0.0', '1.1.0' ] ]
515 silly addNamed url-join@1.1.0
516 verbose addNamed "1.1.0" is a plain semver version for url-join
517 silly cache afterAdd url-join@1.1.0
518 verbose afterAdd /home/andy/.npm/url-join/1.1.0/package/package.json not in flight; writing
519 verbose correctMkdir /home/andy/.npm correctMkdir not in flight; initializing
520 verbose afterAdd /home/andy/.npm/url-join/1.1.0/package/package.json written
521 silly fetchNamedPackageData eventemitter3
522 silly mapToRegistry name eventemitter3
523 silly mapToRegistry using default registry
524 silly mapToRegistry registry https://registry.npmjs.org/
525 silly mapToRegistry data Result {
525 silly mapToRegistry   raw: 'eventemitter3',
525 silly mapToRegistry   scope: null,
525 silly mapToRegistry   name: 'eventemitter3',
525 silly mapToRegistry   rawSpec: '',
525 silly mapToRegistry   spec: 'latest',
525 silly mapToRegistry   type: 'tag' }
526 silly mapToRegistry uri https://registry.npmjs.org/eventemitter3
527 silly fetchNamedPackageData requires-port
528 silly mapToRegistry name requires-port
529 silly mapToRegistry using default registry
530 silly mapToRegistry registry https://registry.npmjs.org/
531 silly mapToRegistry data Result {
531 silly mapToRegistry   raw: 'requires-port',
531 silly mapToRegistry   scope: null,
531 silly mapToRegistry   name: 'requires-port',
531 silly mapToRegistry   rawSpec: '',
531 silly mapToRegistry   spec: 'latest',
531 silly mapToRegistry   type: 'tag' }
532 silly mapToRegistry uri https://registry.npmjs.org/requires-port
533 verbose request uri https://registry.npmjs.org/requires-port
534 verbose request no auth needed
535 info attempt registry request try #1 at 11:57:36 AM
536 verbose etag "E0O0T58ME0HOXF1OX00AGM99O"
537 http request GET https://registry.npmjs.org/requires-port
538 verbose request uri https://registry.npmjs.org/eventemitter3
539 verbose request no auth needed
540 info attempt registry request try #1 at 11:57:36 AM
541 verbose etag "7ENMEZ3KY7IP61XPPORM9EZAL"
542 http request GET https://registry.npmjs.org/eventemitter3
543 http 304 https://registry.npmjs.org/requires-port
544 verbose headers { date: 'Fri, 10 Jun 2016 21:57:36 GMT',
544 verbose headers   via: '1.1 varnish',
544 verbose headers   'cache-control': 'max-age=300',
544 verbose headers   etag: '"E0O0T58ME0HOXF1OX00AGM99O"',
544 verbose headers   age: '18',
544 verbose headers   connection: 'keep-alive',
544 verbose headers   'x-served-by': 'cache-jfk1040-JFK',
544 verbose headers   'x-cache': 'HIT',
544 verbose headers   'x-cache-hits': '1',
544 verbose headers   'x-timer': 'S1465595856.405328,VS0,VE0',
544 verbose headers   vary: 'Accept-Encoding' }
545 silly get cb [ 304,
545 silly get   { date: 'Fri, 10 Jun 2016 21:57:36 GMT',
545 silly get     via: '1.1 varnish',
545 silly get     'cache-control': 'max-age=300',
545 silly get     etag: '"E0O0T58ME0HOXF1OX00AGM99O"',
545 silly get     age: '18',
545 silly get     connection: 'keep-alive',
545 silly get     'x-served-by': 'cache-jfk1040-JFK',
545 silly get     'x-cache': 'HIT',
545 silly get     'x-cache-hits': '1',
545 silly get     'x-timer': 'S1465595856.405328,VS0,VE0',
545 silly get     vary: 'Accept-Encoding' } ]
546 verbose etag https://registry.npmjs.org/requires-port from cache
547 verbose get saving requires-port to /home/andy/.npm/registry.npmjs.org/requires-port/.cache.json
548 verbose correctMkdir /home/andy/.npm correctMkdir not in flight; initializing
549 http 304 https://registry.npmjs.org/eventemitter3
550 verbose headers { date: 'Fri, 10 Jun 2016 21:57:36 GMT',
550 verbose headers   via: '1.1 varnish',
550 verbose headers   'cache-control': 'max-age=300',
550 verbose headers   etag: '"7ENMEZ3KY7IP61XPPORM9EZAL"',
550 verbose headers   age: '16',
550 verbose headers   connection: 'keep-alive',
550 verbose headers   'x-served-by': 'cache-jfk1031-JFK',
550 verbose headers   'x-cache': 'HIT',
550 verbose headers   'x-cache-hits': '1',
550 verbose headers   'x-timer': 'S1465595856.429173,VS0,VE0',
550 verbose headers   vary: 'Accept-Encoding' }
551 silly get cb [ 304,
551 silly get   { date: 'Fri, 10 Jun 2016 21:57:36 GMT',
551 silly get     via: '1.1 varnish',
551 silly get     'cache-control': 'max-age=300',
551 silly get     etag: '"7ENMEZ3KY7IP61XPPORM9EZAL"',
551 silly get     age: '16',
551 silly get     connection: 'keep-alive',
551 silly get     'x-served-by': 'cache-jfk1031-JFK',
551 silly get     'x-cache': 'HIT',
551 silly get     'x-cache-hits': '1',
551 silly get     'x-timer': 'S1465595856.429173,VS0,VE0',
551 silly get     vary: 'Accept-Encoding' } ]
552 verbose etag https://registry.npmjs.org/eventemitter3 from cache
553 verbose get saving eventemitter3 to /home/andy/.npm/registry.npmjs.org/eventemitter3/.cache.json
554 verbose correctMkdir /home/andy/.npm correctMkdir not in flight; initializing
555 silly resolveWithNewModule requires-port@1.0.0 checking installable status
556 silly cache add args [ 'requires-port@1.x.x', null ]
557 verbose cache add spec requires-port@1.x.x
558 silly cache add parsed spec Result {
558 silly cache add   raw: 'requires-port@1.x.x',
558 silly cache add   scope: null,
558 silly cache add   name: 'requires-port',
558 silly cache add   rawSpec: '1.x.x',
558 silly cache add   spec: '>=1.0.0 <2.0.0',
558 silly cache add   type: 'range' }
559 silly addNamed requires-port@>=1.0.0 <2.0.0
560 verbose addNamed ">=1.0.0 <2.0.0" is a valid semver range for requires-port
561 silly addNameRange { name: 'requires-port',
561 silly addNameRange   range: '>=1.0.0 <2.0.0',
561 silly addNameRange   hasData: false }
562 silly mapToRegistry name requires-port
563 silly mapToRegistry using default registry
564 silly mapToRegistry registry https://registry.npmjs.org/
565 silly mapToRegistry data Result {
565 silly mapToRegistry   raw: 'requires-port',
565 silly mapToRegistry   scope: null,
565 silly mapToRegistry   name: 'requires-port',
565 silly mapToRegistry   rawSpec: '',
565 silly mapToRegistry   spec: 'latest',
565 silly mapToRegistry   type: 'tag' }
566 silly mapToRegistry uri https://registry.npmjs.org/requires-port
567 verbose addNameRange registry:https://registry.npmjs.org/requires-port not in flight; fetching
568 silly resolveWithNewModule eventemitter3@1.2.0 checking installable status
569 silly cache add args [ 'eventemitter3@1.x.x', null ]
570 verbose cache add spec eventemitter3@1.x.x
571 silly cache add parsed spec Result {
571 silly cache add   raw: 'eventemitter3@1.x.x',
571 silly cache add   scope: null,
571 silly cache add   name: 'eventemitter3',
571 silly cache add   rawSpec: '1.x.x',
571 silly cache add   spec: '>=1.0.0 <2.0.0',
571 silly cache add   type: 'range' }
572 silly addNamed eventemitter3@>=1.0.0 <2.0.0
573 verbose addNamed ">=1.0.0 <2.0.0" is a valid semver range for eventemitter3
574 silly addNameRange { name: 'eventemitter3',
574 silly addNameRange   range: '>=1.0.0 <2.0.0',
574 silly addNameRange   hasData: false }
575 silly mapToRegistry name eventemitter3
576 silly mapToRegistry using default registry
577 silly mapToRegistry registry https://registry.npmjs.org/
578 silly mapToRegistry data Result {
578 silly mapToRegistry   raw: 'eventemitter3',
578 silly mapToRegistry   scope: null,
578 silly mapToRegistry   name: 'eventemitter3',
578 silly mapToRegistry   rawSpec: '',
578 silly mapToRegistry   spec: 'latest',
578 silly mapToRegistry   type: 'tag' }
579 silly mapToRegistry uri https://registry.npmjs.org/eventemitter3
580 verbose addNameRange registry:https://registry.npmjs.org/eventemitter3 not in flight; fetching
581 verbose get https://registry.npmjs.org/requires-port not expired, no request
582 silly addNameRange number 2 { name: 'requires-port', range: '>=1.0.0 <2.0.0', hasData: true }
583 silly addNameRange versions [ 'requires-port', [ '0.0.0', '0.0.1', '1.0.0' ] ]
584 silly addNamed requires-port@1.0.0
585 verbose addNamed "1.0.0" is a plain semver version for requires-port
586 verbose get https://registry.npmjs.org/eventemitter3 not expired, no request
587 silly addNameRange number 2 { name: 'eventemitter3', range: '>=1.0.0 <2.0.0', hasData: true }
588 silly addNameRange versions [ 'eventemitter3',
588 silly addNameRange   [ '0.0.0',
588 silly addNameRange     '0.0.1',
588 silly addNameRange     '0.1.0',
588 silly addNameRange     '0.1.1',
588 silly addNameRange     '0.1.2',
588 silly addNameRange     '0.1.3',
588 silly addNameRange     '0.1.4',
588 silly addNameRange     '0.1.5',
588 silly addNameRange     '0.1.6',
588 silly addNameRange     '1.0.0',
588 silly addNameRange     '1.0.1',
588 silly addNameRange     '1.0.2',
588 silly addNameRange     '1.0.3',
588 silly addNameRange     '1.1.0',
588 silly addNameRange     '1.1.1',
588 silly addNameRange     '1.2.0' ] ]
589 silly addNamed eventemitter3@1.2.0
590 verbose addNamed "1.2.0" is a plain semver version for eventemitter3
591 silly cache afterAdd requires-port@1.0.0
592 verbose afterAdd /home/andy/.npm/requires-port/1.0.0/package/package.json not in flight; writing
593 verbose correctMkdir /home/andy/.npm correctMkdir not in flight; initializing
594 silly cache afterAdd eventemitter3@1.2.0
595 verbose afterAdd /home/andy/.npm/eventemitter3/1.2.0/package/package.json not in flight; writing
596 verbose correctMkdir /home/andy/.npm correctMkdir not in flight; initializing
597 verbose afterAdd /home/andy/.npm/requires-port/1.0.0/package/package.json written
598 verbose afterAdd /home/andy/.npm/eventemitter3/1.2.0/package/package.json written
599 silly fetchNamedPackageData wordwrap
600 silly mapToRegistry name wordwrap
601 silly mapToRegistry using default registry
602 silly mapToRegistry registry https://registry.npmjs.org/
603 silly mapToRegistry data Result {
603 silly mapToRegistry   raw: 'wordwrap',
603 silly mapToRegistry   scope: null,
603 silly mapToRegistry   name: 'wordwrap',
603 silly mapToRegistry   rawSpec: '',
603 silly mapToRegistry   spec: 'latest',
603 silly mapToRegistry   type: 'tag' }
604 silly mapToRegistry uri https://registry.npmjs.org/wordwrap
605 silly fetchNamedPackageData minimist
606 silly mapToRegistry name minimist
607 silly mapToRegistry using default registry
608 silly mapToRegistry registry https://registry.npmjs.org/
609 silly mapToRegistry data Result {
609 silly mapToRegistry   raw: 'minimist',
609 silly mapToRegistry   scope: null,
609 silly mapToRegistry   name: 'minimist',
609 silly mapToRegistry   rawSpec: '',
609 silly mapToRegistry   spec: 'latest',
609 silly mapToRegistry   type: 'tag' }
610 silly mapToRegistry uri https://registry.npmjs.org/minimist
611 silly resolveWithNewModule minimist@0.0.10 checking installable status
612 silly cache add args [ 'minimist@~0.0.1', null ]
613 verbose cache add spec minimist@~0.0.1
614 silly cache add parsed spec Result {
614 silly cache add   raw: 'minimist@~0.0.1',
614 silly cache add   scope: null,
614 silly cache add   name: 'minimist',
614 silly cache add   rawSpec: '~0.0.1',
614 silly cache add   spec: '>=0.0.1 <0.1.0',
614 silly cache add   type: 'range' }
615 silly addNamed minimist@>=0.0.1 <0.1.0
616 verbose addNamed ">=0.0.1 <0.1.0" is a valid semver range for minimist
617 silly addNameRange { name: 'minimist', range: '>=0.0.1 <0.1.0', hasData: false }
618 silly mapToRegistry name minimist
619 silly mapToRegistry using default registry
620 silly mapToRegistry registry https://registry.npmjs.org/
621 silly mapToRegistry data Result {
621 silly mapToRegistry   raw: 'minimist',
621 silly mapToRegistry   scope: null,
621 silly mapToRegistry   name: 'minimist',
621 silly mapToRegistry   rawSpec: '',
621 silly mapToRegistry   spec: 'latest',
621 silly mapToRegistry   type: 'tag' }
622 silly mapToRegistry uri https://registry.npmjs.org/minimist
623 verbose addNameRange registry:https://registry.npmjs.org/minimist not in flight; fetching
624 verbose get https://registry.npmjs.org/minimist not expired, no request
625 silly addNameRange number 2 { name: 'minimist', range: '>=0.0.1 <0.1.0', hasData: true }
626 silly addNameRange versions [ 'minimist',
626 silly addNameRange   [ '0.0.0',
626 silly addNameRange     '0.0.1',
626 silly addNameRange     '0.0.2',
626 silly addNameRange     '0.0.3',
626 silly addNameRange     '0.0.4',
626 silly addNameRange     '0.0.5',
626 silly addNameRange     '0.0.6',
626 silly addNameRange     '0.0.7',
626 silly addNameRange     '0.0.8',
626 silly addNameRange     '0.0.9',
626 silly addNameRange     '0.0.10',
626 silly addNameRange     '0.1.0',
626 silly addNameRange     '0.2.0',
626 silly addNameRange     '1.0.0',
626 silly addNameRange     '1.1.0',
626 silly addNameRange     '1.1.1',
626 silly addNameRange     '1.1.2',
626 silly addNameRange     '1.1.3',
626 silly addNameRange     '1.2.0' ] ]
627 silly addNamed minimist@0.0.10
628 verbose addNamed "0.0.10" is a plain semver version for minimist
629 verbose request uri https://registry.npmjs.org/wordwrap
630 verbose request no auth needed
631 info attempt registry request try #1 at 11:57:36 AM
632 verbose etag "18ZMVFL4XQSNT8JYI76ECE9BV"
633 http request GET https://registry.npmjs.org/wordwrap
634 silly cache afterAdd minimist@0.0.10
635 verbose afterAdd /home/andy/.npm/minimist/0.0.10/package/package.json not in flight; writing
636 verbose correctMkdir /home/andy/.npm correctMkdir not in flight; initializing
637 verbose afterAdd /home/andy/.npm/minimist/0.0.10/package/package.json written
638 http 304 https://registry.npmjs.org/wordwrap
639 verbose headers { date: 'Fri, 10 Jun 2016 21:57:36 GMT',
639 verbose headers   via: '1.1 varnish',
639 verbose headers   'cache-control': 'max-age=300',
639 verbose headers   etag: '"18ZMVFL4XQSNT8JYI76ECE9BV"',
639 verbose headers   age: '87',
639 verbose headers   connection: 'keep-alive',
639 verbose headers   'x-served-by': 'cache-jfk1050-JFK',
639 verbose headers   'x-cache': 'HIT',
639 verbose headers   'x-cache-hits': '5',
639 verbose headers   'x-timer': 'S1465595856.616503,VS0,VE0',
639 verbose headers   vary: 'Accept-Encoding' }
640 silly get cb [ 304,
640 silly get   { date: 'Fri, 10 Jun 2016 21:57:36 GMT',
640 silly get     via: '1.1 varnish',
640 silly get     'cache-control': 'max-age=300',
640 silly get     etag: '"18ZMVFL4XQSNT8JYI76ECE9BV"',
640 silly get     age: '87',
640 silly get     connection: 'keep-alive',
640 silly get     'x-served-by': 'cache-jfk1050-JFK',
640 silly get     'x-cache': 'HIT',
640 silly get     'x-cache-hits': '5',
640 silly get     'x-timer': 'S1465595856.616503,VS0,VE0',
640 silly get     vary: 'Accept-Encoding' } ]
641 verbose etag https://registry.npmjs.org/wordwrap from cache
642 verbose get saving wordwrap to /home/andy/.npm/registry.npmjs.org/wordwrap/.cache.json
643 verbose correctMkdir /home/andy/.npm correctMkdir not in flight; initializing
644 silly resolveWithNewModule wordwrap@0.0.3 checking installable status
645 silly cache add args [ 'wordwrap@~0.0.2', null ]
646 verbose cache add spec wordwrap@~0.0.2
647 silly cache add parsed spec Result {
647 silly cache add   raw: 'wordwrap@~0.0.2',
647 silly cache add   scope: null,
647 silly cache add   name: 'wordwrap',
647 silly cache add   rawSpec: '~0.0.2',
647 silly cache add   spec: '>=0.0.2 <0.1.0',
647 silly cache add   type: 'range' }
648 silly addNamed wordwrap@>=0.0.2 <0.1.0
649 verbose addNamed ">=0.0.2 <0.1.0" is a valid semver range for wordwrap
650 silly addNameRange { name: 'wordwrap', range: '>=0.0.2 <0.1.0', hasData: false }
651 silly mapToRegistry name wordwrap
652 silly mapToRegistry using default registry
653 silly mapToRegistry registry https://registry.npmjs.org/
654 silly mapToRegistry data Result {
654 silly mapToRegistry   raw: 'wordwrap',
654 silly mapToRegistry   scope: null,
654 silly mapToRegistry   name: 'wordwrap',
654 silly mapToRegistry   rawSpec: '',
654 silly mapToRegistry   spec: 'latest',
654 silly mapToRegistry   type: 'tag' }
655 silly mapToRegistry uri https://registry.npmjs.org/wordwrap
656 verbose addNameRange registry:https://registry.npmjs.org/wordwrap not in flight; fetching
657 verbose get https://registry.npmjs.org/wordwrap not expired, no request
658 silly addNameRange number 2 { name: 'wordwrap', range: '>=0.0.2 <0.1.0', hasData: true }
659 silly addNameRange versions [ 'wordwrap', [ '0.0.1', '0.0.2', '0.0.3', '1.0.0' ] ]
660 silly addNamed wordwrap@0.0.3
661 verbose addNamed "0.0.3" is a plain semver version for wordwrap
662 silly cache afterAdd wordwrap@0.0.3
663 verbose afterAdd /home/andy/.npm/wordwrap/0.0.3/package/package.json not in flight; writing
664 verbose correctMkdir /home/andy/.npm correctMkdir not in flight; initializing
665 verbose afterAdd /home/andy/.npm/wordwrap/0.0.3/package/package.json written
666 silly fetchNamedPackageData async
667 silly mapToRegistry name async
668 silly mapToRegistry using default registry
669 silly mapToRegistry registry https://registry.npmjs.org/
670 silly mapToRegistry data Result {
670 silly mapToRegistry   raw: 'async',
670 silly mapToRegistry   scope: null,
670 silly mapToRegistry   name: 'async',
670 silly mapToRegistry   rawSpec: '',
670 silly mapToRegistry   spec: 'latest',
670 silly mapToRegistry   type: 'tag' }
671 silly mapToRegistry uri https://registry.npmjs.org/async
672 silly fetchNamedPackageData mkdirp
673 silly mapToRegistry name mkdirp
674 silly mapToRegistry using default registry
675 silly mapToRegistry registry https://registry.npmjs.org/
676 silly mapToRegistry data Result {
676 silly mapToRegistry   raw: 'mkdirp',
676 silly mapToRegistry   scope: null,
676 silly mapToRegistry   name: 'mkdirp',
676 silly mapToRegistry   rawSpec: '',
676 silly mapToRegistry   spec: 'latest',
676 silly mapToRegistry   type: 'tag' }
677 silly mapToRegistry uri https://registry.npmjs.org/mkdirp
678 verbose request uri https://registry.npmjs.org/mkdirp
679 verbose request no auth needed
680 info attempt registry request try #1 at 11:57:36 AM
681 verbose etag "RWKHVPX5V8WNVUZ9E3HDA7D8"
682 http request GET https://registry.npmjs.org/mkdirp
683 verbose request uri https://registry.npmjs.org/async
684 verbose request no auth needed
685 info attempt registry request try #1 at 11:57:36 AM
686 verbose etag "81ARFU6SKZ9ELBT19GPEFHIK7"
687 http request GET https://registry.npmjs.org/async
688 http 304 https://registry.npmjs.org/async
689 verbose headers { date: 'Fri, 10 Jun 2016 21:57:36 GMT',
689 verbose headers   via: '1.1 varnish',
689 verbose headers   'cache-control': 'max-age=300',
689 verbose headers   etag: '"81ARFU6SKZ9ELBT19GPEFHIK7"',
689 verbose headers   age: '289',
689 verbose headers   connection: 'keep-alive',
689 verbose headers   'x-served-by': 'cache-jfk1032-JFK',
689 verbose headers   'x-cache': 'HIT',
689 verbose headers   'x-cache-hits': '34',
689 verbose headers   'x-timer': 'S1465595856.807303,VS0,VE0',
689 verbose headers   vary: 'Accept-Encoding' }
690 silly get cb [ 304,
690 silly get   { date: 'Fri, 10 Jun 2016 21:57:36 GMT',
690 silly get     via: '1.1 varnish',
690 silly get     'cache-control': 'max-age=300',
690 silly get     etag: '"81ARFU6SKZ9ELBT19GPEFHIK7"',
690 silly get     age: '289',
690 silly get     connection: 'keep-alive',
690 silly get     'x-served-by': 'cache-jfk1032-JFK',
690 silly get     'x-cache': 'HIT',
690 silly get     'x-cache-hits': '34',
690 silly get     'x-timer': 'S1465595856.807303,VS0,VE0',
690 silly get     vary: 'Accept-Encoding' } ]
691 verbose etag https://registry.npmjs.org/async from cache
692 verbose get saving async to /home/andy/.npm/registry.npmjs.org/async/.cache.json
693 verbose correctMkdir /home/andy/.npm correctMkdir not in flight; initializing
694 silly resolveWithNewModule async@0.9.0 checking installable status
695 silly cache add args [ 'async@0.9.0', null ]
696 verbose cache add spec async@0.9.0
697 silly cache add parsed spec Result {
697 silly cache add   raw: 'async@0.9.0',
697 silly cache add   scope: null,
697 silly cache add   name: 'async',
697 silly cache add   rawSpec: '0.9.0',
697 silly cache add   spec: '0.9.0',
697 silly cache add   type: 'version' }
698 silly addNamed async@0.9.0
699 verbose addNamed "0.9.0" is a plain semver version for async
700 silly mapToRegistry name async
701 silly mapToRegistry using default registry
702 silly mapToRegistry registry https://registry.npmjs.org/
703 silly mapToRegistry data Result {
703 silly mapToRegistry   raw: 'async',
703 silly mapToRegistry   scope: null,
703 silly mapToRegistry   name: 'async',
703 silly mapToRegistry   rawSpec: '',
703 silly mapToRegistry   spec: 'latest',
703 silly mapToRegistry   type: 'tag' }
704 silly mapToRegistry uri https://registry.npmjs.org/async
705 verbose addNameVersion registry:https://registry.npmjs.org/async not in flight; fetching
706 verbose get https://registry.npmjs.org/async not expired, no request
707 silly cache afterAdd async@0.9.0
708 verbose afterAdd /home/andy/.npm/async/0.9.0/package/package.json not in flight; writing
709 verbose correctMkdir /home/andy/.npm correctMkdir not in flight; initializing
710 verbose afterAdd /home/andy/.npm/async/0.9.0/package/package.json written
711 http 304 https://registry.npmjs.org/mkdirp
712 verbose headers { date: 'Fri, 10 Jun 2016 21:57:36 GMT',
712 verbose headers   via: '1.1 varnish',
712 verbose headers   'cache-control': 'max-age=300',
712 verbose headers   etag: '"RWKHVPX5V8WNVUZ9E3HDA7D8"',
712 verbose headers   age: '173',
712 verbose headers   connection: 'keep-alive',
712 verbose headers   'x-served-by': 'cache-jfk1051-JFK',
712 verbose headers   'x-cache': 'HIT',
712 verbose headers   'x-cache-hits': '16',
712 verbose headers   'x-timer': 'S1465595856.825832,VS0,VE0',
712 verbose headers   vary: 'Accept-Encoding' }
713 silly get cb [ 304,
713 silly get   { date: 'Fri, 10 Jun 2016 21:57:36 GMT',
713 silly get     via: '1.1 varnish',
713 silly get     'cache-control': 'max-age=300',
713 silly get     etag: '"RWKHVPX5V8WNVUZ9E3HDA7D8"',
713 silly get     age: '173',
713 silly get     connection: 'keep-alive',
713 silly get     'x-served-by': 'cache-jfk1051-JFK',
713 silly get     'x-cache': 'HIT',
713 silly get     'x-cache-hits': '16',
713 silly get     'x-timer': 'S1465595856.825832,VS0,VE0',
713 silly get     vary: 'Accept-Encoding' } ]
714 verbose etag https://registry.npmjs.org/mkdirp from cache
715 verbose get saving mkdirp to /home/andy/.npm/registry.npmjs.org/mkdirp/.cache.json
716 verbose correctMkdir /home/andy/.npm correctMkdir not in flight; initializing
717 silly resolveWithNewModule mkdirp@0.5.1 checking installable status
718 silly cache add args [ 'mkdirp@0.5.x', null ]
719 verbose cache add spec mkdirp@0.5.x
720 silly cache add parsed spec Result {
720 silly cache add   raw: 'mkdirp@0.5.x',
720 silly cache add   scope: null,
720 silly cache add   name: 'mkdirp',
720 silly cache add   rawSpec: '0.5.x',
720 silly cache add   spec: '>=0.5.0 <0.6.0',
720 silly cache add   type: 'range' }
721 silly addNamed mkdirp@>=0.5.0 <0.6.0
722 verbose addNamed ">=0.5.0 <0.6.0" is a valid semver range for mkdirp
723 silly addNameRange { name: 'mkdirp', range: '>=0.5.0 <0.6.0', hasData: false }
724 silly mapToRegistry name mkdirp
725 silly mapToRegistry using default registry
726 silly mapToRegistry registry https://registry.npmjs.org/
727 silly mapToRegistry data Result {
727 silly mapToRegistry   raw: 'mkdirp',
727 silly mapToRegistry   scope: null,
727 silly mapToRegistry   name: 'mkdirp',
727 silly mapToRegistry   rawSpec: '',
727 silly mapToRegistry   spec: 'latest',
727 silly mapToRegistry   type: 'tag' }
728 silly mapToRegistry uri https://registry.npmjs.org/mkdirp
729 verbose addNameRange registry:https://registry.npmjs.org/mkdirp not in flight; fetching
730 verbose get https://registry.npmjs.org/mkdirp not expired, no request
731 silly addNameRange number 2 { name: 'mkdirp', range: '>=0.5.0 <0.6.0', hasData: true }
732 silly addNameRange versions [ 'mkdirp',
732 silly addNameRange   [ '0.0.1',
732 silly addNameRange     '0.0.2',
732 silly addNameRange     '0.0.3',
732 silly addNameRange     '0.0.4',
732 silly addNameRange     '0.0.5',
732 silly addNameRange     '0.0.6',
732 silly addNameRange     '0.0.7',
732 silly addNameRange     '0.1.0',
732 silly addNameRange     '0.2.0',
732 silly addNameRange     '0.2.1',
732 silly addNameRange     '0.2.2',
732 silly addNameRange     '0.3.0',
732 silly addNameRange     '0.3.1',
732 silly addNameRange     '0.3.2',
732 silly addNameRange     '0.3.3',
732 silly addNameRange     '0.3.4',
732 silly addNameRange     '0.3.5',
732 silly addNameRange     '0.4.0',
732 silly addNameRange     '0.4.1',
732 silly addNameRange     '0.4.2',
732 silly addNameRange     '0.5.0',
732 silly addNameRange     '0.5.1' ] ]
733 silly addNamed mkdirp@0.5.1
734 verbose addNamed "0.5.1" is a plain semver version for mkdirp
735 silly cache afterAdd mkdirp@0.5.1
736 verbose afterAdd /home/andy/.npm/mkdirp/0.5.1/package/package.json not in flight; writing
737 verbose correctMkdir /home/andy/.npm correctMkdir not in flight; initializing
738 verbose afterAdd /home/andy/.npm/mkdirp/0.5.1/package/package.json written
739 silly fetchNamedPackageData minimist
740 silly mapToRegistry name minimist
741 silly mapToRegistry using default registry
742 silly mapToRegistry registry https://registry.npmjs.org/
743 silly mapToRegistry data Result {
743 silly mapToRegistry   raw: 'minimist',
743 silly mapToRegistry   scope: null,
743 silly mapToRegistry   name: 'minimist',
743 silly mapToRegistry   rawSpec: '',
743 silly mapToRegistry   spec: 'latest',
743 silly mapToRegistry   type: 'tag' }
744 silly mapToRegistry uri https://registry.npmjs.org/minimist
745 silly resolveWithNewModule minimist@0.0.8 checking installable status
746 silly cache add args [ 'minimist@0.0.8', null ]
747 verbose cache add spec minimist@0.0.8
748 silly cache add parsed spec Result {
748 silly cache add   raw: 'minimist@0.0.8',
748 silly cache add   scope: null,
748 silly cache add   name: 'minimist',
748 silly cache add   rawSpec: '0.0.8',
748 silly cache add   spec: '0.0.8',
748 silly cache add   type: 'version' }
749 silly addNamed minimist@0.0.8
750 verbose addNamed "0.0.8" is a plain semver version for minimist
751 silly mapToRegistry name minimist
752 silly mapToRegistry using default registry
753 silly mapToRegistry registry https://registry.npmjs.org/
754 silly mapToRegistry data Result {
754 silly mapToRegistry   raw: 'minimist',
754 silly mapToRegistry   scope: null,
754 silly mapToRegistry   name: 'minimist',
754 silly mapToRegistry   rawSpec: '',
754 silly mapToRegistry   spec: 'latest',
754 silly mapToRegistry   type: 'tag' }
755 silly mapToRegistry uri https://registry.npmjs.org/minimist
756 verbose addNameVersion registry:https://registry.npmjs.org/minimist not in flight; fetching
757 verbose get https://registry.npmjs.org/minimist not expired, no request
758 silly cache afterAdd minimist@0.0.8
759 verbose afterAdd /home/andy/.npm/minimist/0.0.8/package/package.json not in flight; writing
760 verbose correctMkdir /home/andy/.npm correctMkdir not in flight; initializing
761 verbose afterAdd /home/andy/.npm/minimist/0.0.8/package/package.json written
762 silly fetchNamedPackageData qs
763 silly mapToRegistry name qs
764 silly mapToRegistry using default registry
765 silly mapToRegistry registry https://registry.npmjs.org/
766 silly mapToRegistry data Result {
766 silly mapToRegistry   raw: 'qs',
766 silly mapToRegistry   scope: null,
766 silly mapToRegistry   name: 'qs',
766 silly mapToRegistry   rawSpec: '',
766 silly mapToRegistry   spec: 'latest',
766 silly mapToRegistry   type: 'tag' }
767 silly mapToRegistry uri https://registry.npmjs.org/qs
768 verbose request uri https://registry.npmjs.org/qs
769 verbose request no auth needed
770 info attempt registry request try #1 at 11:57:36 AM
771 verbose etag "4R2YBEX6A090SPOEDKT4AGIM0"
772 http request GET https://registry.npmjs.org/qs
773 http 304 https://registry.npmjs.org/qs
774 verbose headers { date: 'Fri, 10 Jun 2016 21:57:37 GMT',
774 verbose headers   via: '1.1 varnish',
774 verbose headers   'cache-control': 'max-age=300',
774 verbose headers   etag: '"4R2YBEX6A090SPOEDKT4AGIM0"',
774 verbose headers   age: '252',
774 verbose headers   connection: 'keep-alive',
774 verbose headers   'x-served-by': 'cache-jfk1030-JFK',
774 verbose headers   'x-cache': 'HIT',
774 verbose headers   'x-cache-hits': '12',
774 verbose headers   'x-timer': 'S1465595857.001116,VS0,VE0',
774 verbose headers   vary: 'Accept-Encoding' }
775 silly get cb [ 304,
775 silly get   { date: 'Fri, 10 Jun 2016 21:57:37 GMT',
775 silly get     via: '1.1 varnish',
775 silly get     'cache-control': 'max-age=300',
775 silly get     etag: '"4R2YBEX6A090SPOEDKT4AGIM0"',
775 silly get     age: '252',
775 silly get     connection: 'keep-alive',
775 silly get     'x-served-by': 'cache-jfk1030-JFK',
775 silly get     'x-cache': 'HIT',
775 silly get     'x-cache-hits': '12',
775 silly get     'x-timer': 'S1465595857.001116,VS0,VE0',
775 silly get     vary: 'Accept-Encoding' } ]
776 verbose etag https://registry.npmjs.org/qs from cache
777 verbose get saving qs to /home/andy/.npm/registry.npmjs.org/qs/.cache.json
778 verbose correctMkdir /home/andy/.npm correctMkdir not in flight; initializing
779 silly resolveWithNewModule qs@2.3.3 checking installable status
780 silly cache add args [ 'qs@~2.3.3', null ]
781 verbose cache add spec qs@~2.3.3
782 silly cache add parsed spec Result {
782 silly cache add   raw: 'qs@~2.3.3',
782 silly cache add   scope: null,
782 silly cache add   name: 'qs',
782 silly cache add   rawSpec: '~2.3.3',
782 silly cache add   spec: '>=2.3.3 <2.4.0',
782 silly cache add   type: 'range' }
783 silly addNamed qs@>=2.3.3 <2.4.0
784 verbose addNamed ">=2.3.3 <2.4.0" is a valid semver range for qs
785 silly addNameRange { name: 'qs', range: '>=2.3.3 <2.4.0', hasData: false }
786 silly mapToRegistry name qs
787 silly mapToRegistry using default registry
788 silly mapToRegistry registry https://registry.npmjs.org/
789 silly mapToRegistry data Result {
789 silly mapToRegistry   raw: 'qs',
789 silly mapToRegistry   scope: null,
789 silly mapToRegistry   name: 'qs',
789 silly mapToRegistry   rawSpec: '',
789 silly mapToRegistry   spec: 'latest',
789 silly mapToRegistry   type: 'tag' }
790 silly mapToRegistry uri https://registry.npmjs.org/qs
791 verbose addNameRange registry:https://registry.npmjs.org/qs not in flight; fetching
792 verbose get https://registry.npmjs.org/qs not expired, no request
793 silly addNameRange number 2 { name: 'qs', range: '>=2.3.3 <2.4.0', hasData: true }
794 silly addNameRange versions [ 'qs',
794 silly addNameRange   [ '0.0.1',
794 silly addNameRange     '0.0.2',
794 silly addNameRange     '0.0.3',
794 silly addNameRange     '0.0.4',
794 silly addNameRange     '0.0.5',
794 silly addNameRange     '0.0.6',
794 silly addNameRange     '0.0.7',
794 silly addNameRange     '0.1.0',
794 silly addNameRange     '0.2.0',
794 silly addNameRange     '0.3.0',
794 silly addNameRange     '0.3.1',
794 silly addNameRange     '0.3.2',
794 silly addNameRange     '0.4.0',
794 silly addNameRange     '0.4.1',
794 silly addNameRange     '0.4.2',
794 silly addNameRange     '0.5.0',
794 silly addNameRange     '0.5.1',
794 silly addNameRange     '0.5.2',
794 silly addNameRange     '0.5.3',
794 silly addNameRange     '0.5.4',
794 silly addNameRange     '0.5.5',
794 silly addNameRange     '0.5.6',
794 silly addNameRange     '0.6.0',
794 silly addNameRange     '0.6.1',
794 silly addNameRange     '0.6.2',
794 silly addNameRange     '0.6.3',
794 silly addNameRange     '0.6.4',
794 silly addNameRange     '0.6.5',
794 silly addNameRange     '0.6.6',
794 silly addNameRange     '1.0.0',
794 silly addNameRange     '1.0.1',
794 silly addNameRange     '1.0.2',
794 silly addNameRange     '1.1.0',
794 silly addNameRange     '1.2.0',
794 silly addNameRange     '1.2.1',
794 silly addNameRange     '1.2.2',
794 silly addNameRange     '2.0.0',
794 silly addNameRange     '2.1.0',
794 silly addNameRange     '2.2.0',
794 silly addNameRange     '2.2.1',
794 silly addNameRange     '2.2.2',
794 silly addNameRange     '2.2.3',
794 silly addNameRange     '2.2.4',
794 silly addNameRange     '2.2.5',
794 silly addNameRange     '2.3.0',
794 silly addNameRange     '2.3.1',
794 silly addNameRange     '2.3.2',
794 silly addNameRange     '2.3.3',
794 silly addNameRange     '2.4.0',
794 silly addNameRange     '2.4.1',
794 silly addNameRange     '2.4.2',
794 silly addNameRange     '3.0.0',
794 silly addNameRange     '3.1.0',
794 silly addNameRange     '4.0.0',
794 silly addNameRange     '5.0.0',
794 silly addNameRange     '5.1.0',
794 silly addNameRange     '5.2.0',
794 silly addNameRange     '6.0.0',
794 silly addNameRange     '6.0.1',
794 silly addNameRange     '6.0.2',
794 silly addNameRange     '6.1.0',
794 silly addNameRange     '6.2.0' ] ]
795 silly addNamed qs@2.3.3
796 verbose addNamed "2.3.3" is a plain semver version for qs
797 silly cache afterAdd qs@2.3.3
798 verbose afterAdd /home/andy/.npm/qs/2.3.3/package/package.json not in flight; writing
799 verbose correctMkdir /home/andy/.npm correctMkdir not in flight; initializing
800 verbose afterAdd /home/andy/.npm/qs/2.3.3/package/package.json written
801 silly loadAllDepsIntoIdealTree Finishing
802 silly idealTree:prePrune lib
802 silly idealTree:prePrune  http-server@0.9.0
802 silly idealTree:prePrune    async@0.9.0
802 silly idealTree:prePrune    colors@1.0.3
802 silly idealTree:prePrune    corser@2.0.0
802 silly idealTree:prePrune    ecstatic@1.4.1
802 silly idealTree:prePrune    eventemitter3@1.2.0
802 silly idealTree:prePrune    he@0.5.0
802 silly idealTree:prePrune    http-proxy@1.13.3
802 silly idealTree:prePrune    mime@1.3.4
802 silly idealTree:prePrune    minimist@1.2.0
802 silly idealTree:prePrune    mkdirp@0.5.1
802 silly idealTree:prePrune     minimist@0.0.8
802 silly idealTree:prePrune    opener@1.4.1
802 silly idealTree:prePrune    optimist@0.6.1
802 silly idealTree:prePrune     minimist@0.0.10
802 silly idealTree:prePrune    portfinder@0.4.0
802 silly idealTree:prePrune    qs@2.3.3
802 silly idealTree:prePrune    requires-port@1.0.0
802 silly idealTree:prePrune    union@0.4.4
802 silly idealTree:prePrune    url-join@1.1.0
802 silly idealTree:prePrune    wordwrap@0.0.3
803 silly loadIdealTree Finishing
804 silly currentTree lib
804 silly currentTree  http-server@0.9.0
804 silly currentTree    async@0.9.0
804 silly currentTree    colors@1.0.3
804 silly currentTree    corser@2.0.0
804 silly currentTree    ecstatic@1.4.1
804 silly currentTree    eventemitter3@1.2.0
804 silly currentTree    he@0.5.0
804 silly currentTree    http-proxy@1.13.3
804 silly currentTree    mime@1.3.4
804 silly currentTree    minimist@1.2.0
804 silly currentTree    mkdirp@0.5.1
804 silly currentTree     minimist@0.0.8
804 silly currentTree    opener@1.4.1
804 silly currentTree    optimist@0.6.1
804 silly currentTree     minimist@0.0.10
804 silly currentTree    portfinder@0.4.0
804 silly currentTree    qs@2.3.3
804 silly currentTree    requires-port@1.0.0
804 silly currentTree    union@0.4.4
804 silly currentTree    url-join@1.1.0
804 silly currentTree    wordwrap@0.0.3
805 silly idealTree lib
805 silly idealTree  http-server@0.9.0
805 silly idealTree    async@0.9.0
805 silly idealTree    colors@1.0.3
805 silly idealTree    corser@2.0.0
805 silly idealTree    ecstatic@1.4.1
805 silly idealTree    eventemitter3@1.2.0
805 silly idealTree    he@0.5.0
805 silly idealTree    http-proxy@1.13.3
805 silly idealTree    mime@1.3.4
805 silly idealTree    minimist@1.2.0
805 silly idealTree    mkdirp@0.5.1
805 silly idealTree     minimist@0.0.8
805 silly idealTree    opener@1.4.1
805 silly idealTree    optimist@0.6.1
805 silly idealTree     minimist@0.0.10
805 silly idealTree    portfinder@0.4.0
805 silly idealTree    qs@2.3.3
805 silly idealTree    requires-port@1.0.0
805 silly idealTree    union@0.4.4
805 silly idealTree    url-join@1.1.0
805 silly idealTree    wordwrap@0.0.3
806 silly generateActionsToTake Starting
807 silly install generateActionsToTake
808 warn checkPermissions Missing write access to /usr/local/lib/node_modules/http-server
809 warn checkPermissions Missing write access to /usr/local/lib/node_modules
810 silly rollbackFailedOptional Starting
811 silly rollbackFailedOptional Finishing
812 silly runTopLevelLifecycles Starting
813 silly runTopLevelLifecycles Finishing
814 silly install printInstalled
815 verbose stack Error: EACCES: permission denied, access '/usr/local/lib/node_modules/http-server'
815 verbose stack     at Error (native)
816 verbose cwd /home/andy/Desktop/DevLeagueNew/Cash-Register
817 error Linux 3.19.0-59-generic
818 error argv "/usr/local/bin/node" "/usr/local/bin/npm" "i" "-g" "http-server"
819 error node v6.2.1
820 error npm  v3.9.5
821 error path /usr/local/lib/node_modules/http-server
822 error code EACCES
823 error errno -13
824 error syscall access
825 error Error: EACCES: permission denied, access '/usr/local/lib/node_modules/http-server'
825 error     at Error (native)
825 error  { Error: EACCES: permission denied, access '/usr/local/lib/node_modules/http-server'
825 error     at Error (native)
825 error   errno: -13,
825 error   code: 'EACCES',
825 error   syscall: 'access',
825 error   path: '/usr/local/lib/node_modules/http-server' }
826 error Please try running this command again as root/Administrator.
827 verbose exit [ -13, true ]
